#
# There is insufficient memory for the Java Runtime Environment to continue.
# Native memory allocation (mmap) failed to map 65536 bytes. Error detail: Failed to commit metaspace.
# Possible reasons:
#   The system is out of physical RAM or swap space
#   This process is running with CompressedOops enabled, and the Java Heap may be blocking the growth of the native heap
# Possible solutions:
#   Reduce memory load on the system
#   Increase physical memory or swap space
#   Check if swap backing store is full
#   Decrease Java heap size (-Xmx/-Xms)
#   Decrease number of Java threads
#   Decrease Java thread stack sizes (-Xss)
#   Set larger code cache with -XX:ReservedCodeCacheSize=
#   JVM is running with Zero Based Compressed Oops mode in which the Java heap is
#     placed in the first 32GB address space. The Java Heap base address is the
#     maximum limit for the native heap growth. Please use -XX:HeapBaseMinAddress
#     to set the Java Heap base and to place the Java Heap above 32GB virtual address.
# This output file may be truncated or incomplete.
#
#  Out of Memory Error (virtualSpaceNode.cpp:112), pid=24136, tid=28096
#
# JRE version: OpenJDK Runtime Environment (22.0.1+8) (build 22.0.1+8-16)
# Java VM: OpenJDK 64-Bit Server VM (22.0.1+8-16, mixed mode, sharing, tiered, compressed oops, compressed class ptrs, g1 gc, windows-amd64)
# No core dump will be written. Minidumps are not enabled by default on client versions of Windows
#

---------------  S U M M A R Y ------------

Command Line: -javaagent:C:\Program Files\JetBrains\IntelliJ IDEA Community Edition 2024.1.2\lib\idea_rt.jar=65421:C:\Program Files\JetBrains\IntelliJ IDEA Community Edition 2024.1.2\bin -Dfile.encoding=UTF-8 -Dsun.stdout.encoding=UTF-8 -Dsun.stderr.encoding=UTF-8 com.example.producingwebservice.ProducingWebServiceApplication

Host: Intel(R) Core(TM) i7-10510U CPU @ 1.80GHz, 8 cores, 15G,  Windows 10 , 64 bit Build 19041 (10.0.19041.3636)
Time: Sat Jun 22 16:32:38 2024 Hora est. Pacífico, Sudamérica elapsed time: 4.079685 seconds (0d 0h 0m 4s)

---------------  T H R E A D  ---------------

Current thread (0x00000141faecaab0):  JavaThread "main"             [_thread_in_vm, id=28096, stack(0x0000001710600000,0x0000001710700000) (1024K)]

Stack: [0x0000001710600000,0x0000001710700000]
Native frames: (J=compiled Java code, j=interpreted, Vv=VM code, C=native code)
V  [jvm.dll+0x6e2279]  (no source info available)
V  [jvm.dll+0x874e33]  (no source info available)
V  [jvm.dll+0x87725e]  (no source info available)
V  [jvm.dll+0x877933]  (no source info available)
V  [jvm.dll+0x27fd76]  (no source info available)
V  [jvm.dll+0x870a7e]  (no source info available)
V  [jvm.dll+0x6852e5]  (no source info available)
V  [jvm.dll+0x1e3eac]  (no source info available)
V  [jvm.dll+0x1e3c7e]  (no source info available)
V  [jvm.dll+0x687c38]  (no source info available)
V  [jvm.dll+0x2250ac]  (no source info available)
V  [jvm.dll+0x685cfe]  (no source info available)
V  [jvm.dll+0x68ff98]  (no source info available)
V  [jvm.dll+0x215301]  (no source info available)
V  [jvm.dll+0x21578a]  (no source info available)
V  [jvm.dll+0x2161b1]  (no source info available)
V  [jvm.dll+0x20b4ee]  (no source info available)
V  [jvm.dll+0x5c462f]  (no source info available)
V  [jvm.dll+0x7ec076]  (no source info available)
V  [jvm.dll+0x47ca36]  (no source info available)
V  [jvm.dll+0x4828e8]  (no source info available)
C  [java.dll+0x17e4]  (no source info available)
C  0x000001418fdace8c  (no source info available)

The last pc belongs to native nmethod (printed below).
Java frames: (J=compiled Java code, j=interpreted, Vv=VM code)
J 1077  java.lang.ClassLoader.defineClass1(Ljava/lang/ClassLoader;Ljava/lang/String;[BIILjava/security/ProtectionDomain;Ljava/lang/String;)Ljava/lang/Class; java.base@22.0.1 (0 bytes) @ 0x000001418fdacdf1 [0x000001418fdacd20+0x00000000000000d1]
J 1268 c1 java.lang.ClassLoader.defineClass(Ljava/lang/String;[BIILjava/security/ProtectionDomain;)Ljava/lang/Class; java.base@22.0.1 (43 bytes) @ 0x00000141884a07fc [0x00000141884a04a0+0x000000000000035c]
J 1267 c1 java.security.SecureClassLoader.defineClass(Ljava/lang/String;[BIILjava/security/CodeSource;)Ljava/lang/Class; java.base@22.0.1 (16 bytes) @ 0x00000141884a009c [0x000001418849ffc0+0x00000000000000dc]
J 927 c1 jdk.internal.loader.BuiltinClassLoader.defineClass(Ljava/lang/String;Ljdk/internal/loader/Resource;)Ljava/lang/Class; java.base@22.0.1 (121 bytes) @ 0x00000141883f45cc [0x00000141883f36a0+0x0000000000000f2c]
J 1035 c1 jdk.internal.loader.BuiltinClassLoader.findClassOnClassPathOrNull(Ljava/lang/String;)Ljava/lang/Class; java.base@22.0.1 (64 bytes) @ 0x00000141884312bc [0x0000014188430600+0x0000000000000cbc]
J 484 c1 jdk.internal.loader.BuiltinClassLoader.loadClassOrNull(Ljava/lang/String;Z)Ljava/lang/Class; java.base@22.0.1 (143 bytes) @ 0x000001418832068c [0x000001418831fc60+0x0000000000000a2c]
J 792 c1 jdk.internal.loader.ClassLoaders$AppClassLoader.loadClass(Ljava/lang/String;Z)Ljava/lang/Class; java.base@22.0.1 (40 bytes) @ 0x00000141883a15c4 [0x00000141883a13e0+0x00000000000001e4]
J 788 c1 java.lang.ClassLoader.loadClass(Ljava/lang/String;)Ljava/lang/Class; java.base@22.0.1 (7 bytes) @ 0x00000141883a0654 [0x00000141883a0540+0x0000000000000114]
v  ~StubRoutines::call_stub 0x000001418f7b100d
J 1077  java.lang.ClassLoader.defineClass1(Ljava/lang/ClassLoader;Ljava/lang/String;[BIILjava/security/ProtectionDomain;Ljava/lang/String;)Ljava/lang/Class; java.base@22.0.1 (0 bytes) @ 0x000001418fdacdf1 [0x000001418fdacd20+0x00000000000000d1]
J 1268 c1 java.lang.ClassLoader.defineClass(Ljava/lang/String;[BIILjava/security/ProtectionDomain;)Ljava/lang/Class; java.base@22.0.1 (43 bytes) @ 0x00000141884a07fc [0x00000141884a04a0+0x000000000000035c]
J 1267 c1 java.security.SecureClassLoader.defineClass(Ljava/lang/String;[BIILjava/security/CodeSource;)Ljava/lang/Class; java.base@22.0.1 (16 bytes) @ 0x00000141884a009c [0x000001418849ffc0+0x00000000000000dc]
J 927 c1 jdk.internal.loader.BuiltinClassLoader.defineClass(Ljava/lang/String;Ljdk/internal/loader/Resource;)Ljava/lang/Class; java.base@22.0.1 (121 bytes) @ 0x00000141883f45cc [0x00000141883f36a0+0x0000000000000f2c]
J 1035 c1 jdk.internal.loader.BuiltinClassLoader.findClassOnClassPathOrNull(Ljava/lang/String;)Ljava/lang/Class; java.base@22.0.1 (64 bytes) @ 0x00000141884312bc [0x0000014188430600+0x0000000000000cbc]
J 484 c1 jdk.internal.loader.BuiltinClassLoader.loadClassOrNull(Ljava/lang/String;Z)Ljava/lang/Class; java.base@22.0.1 (143 bytes) @ 0x000001418832068c [0x000001418831fc60+0x0000000000000a2c]
J 792 c1 jdk.internal.loader.ClassLoaders$AppClassLoader.loadClass(Ljava/lang/String;Z)Ljava/lang/Class; java.base@22.0.1 (40 bytes) @ 0x00000141883a15c4 [0x00000141883a13e0+0x00000000000001e4]
J 788 c1 java.lang.ClassLoader.loadClass(Ljava/lang/String;)Ljava/lang/Class; java.base@22.0.1 (7 bytes) @ 0x00000141883a0654 [0x00000141883a0540+0x0000000000000114]
v  ~StubRoutines::call_stub 0x000001418f7b100d
J 1077  java.lang.ClassLoader.defineClass1(Ljava/lang/ClassLoader;Ljava/lang/String;[BIILjava/security/ProtectionDomain;Ljava/lang/String;)Ljava/lang/Class; java.base@22.0.1 (0 bytes) @ 0x000001418fdacdf1 [0x000001418fdacd20+0x00000000000000d1]
J 1268 c1 java.lang.ClassLoader.defineClass(Ljava/lang/String;[BIILjava/security/ProtectionDomain;)Ljava/lang/Class; java.base@22.0.1 (43 bytes) @ 0x00000141884a07fc [0x00000141884a04a0+0x000000000000035c]
J 1267 c1 java.security.SecureClassLoader.defineClass(Ljava/lang/String;[BIILjava/security/CodeSource;)Ljava/lang/Class; java.base@22.0.1 (16 bytes) @ 0x00000141884a009c [0x000001418849ffc0+0x00000000000000dc]
J 927 c1 jdk.internal.loader.BuiltinClassLoader.defineClass(Ljava/lang/String;Ljdk/internal/loader/Resource;)Ljava/lang/Class; java.base@22.0.1 (121 bytes) @ 0x00000141883f45cc [0x00000141883f36a0+0x0000000000000f2c]
J 1035 c1 jdk.internal.loader.BuiltinClassLoader.findClassOnClassPathOrNull(Ljava/lang/String;)Ljava/lang/Class; java.base@22.0.1 (64 bytes) @ 0x00000141884312bc [0x0000014188430600+0x0000000000000cbc]
J 484 c1 jdk.internal.loader.BuiltinClassLoader.loadClassOrNull(Ljava/lang/String;Z)Ljava/lang/Class; java.base@22.0.1 (143 bytes) @ 0x000001418832068c [0x000001418831fc60+0x0000000000000a2c]
J 792 c1 jdk.internal.loader.ClassLoaders$AppClassLoader.loadClass(Ljava/lang/String;Z)Ljava/lang/Class; java.base@22.0.1 (40 bytes) @ 0x00000141883a15c4 [0x00000141883a13e0+0x00000000000001e4]
J 788 c1 java.lang.ClassLoader.loadClass(Ljava/lang/String;)Ljava/lang/Class; java.base@22.0.1 (7 bytes) @ 0x00000141883a0654 [0x00000141883a0540+0x0000000000000114]
v  ~StubRoutines::call_stub 0x000001418f7b100d
J 1077  java.lang.ClassLoader.defineClass1(Ljava/lang/ClassLoader;Ljava/lang/String;[BIILjava/security/ProtectionDomain;Ljava/lang/String;)Ljava/lang/Class; java.base@22.0.1 (0 bytes) @ 0x000001418fdacdf1 [0x000001418fdacd20+0x00000000000000d1]
J 1268 c1 java.lang.ClassLoader.defineClass(Ljava/lang/String;[BIILjava/security/ProtectionDomain;)Ljava/lang/Class; java.base@22.0.1 (43 bytes) @ 0x00000141884a07fc [0x00000141884a04a0+0x000000000000035c]
J 1267 c1 java.security.SecureClassLoader.defineClass(Ljava/lang/String;[BIILjava/security/CodeSource;)Ljava/lang/Class; java.base@22.0.1 (16 bytes) @ 0x00000141884a009c [0x000001418849ffc0+0x00000000000000dc]
J 927 c1 jdk.internal.loader.BuiltinClassLoader.defineClass(Ljava/lang/String;Ljdk/internal/loader/Resource;)Ljava/lang/Class; java.base@22.0.1 (121 bytes) @ 0x00000141883f45cc [0x00000141883f36a0+0x0000000000000f2c]
J 1035 c1 jdk.internal.loader.BuiltinClassLoader.findClassOnClassPathOrNull(Ljava/lang/String;)Ljava/lang/Class; java.base@22.0.1 (64 bytes) @ 0x00000141884312bc [0x0000014188430600+0x0000000000000cbc]
J 484 c1 jdk.internal.loader.BuiltinClassLoader.loadClassOrNull(Ljava/lang/String;Z)Ljava/lang/Class; java.base@22.0.1 (143 bytes) @ 0x000001418832068c [0x000001418831fc60+0x0000000000000a2c]
J 792 c1 jdk.internal.loader.ClassLoaders$AppClassLoader.loadClass(Ljava/lang/String;Z)Ljava/lang/Class; java.base@22.0.1 (40 bytes) @ 0x00000141883a15c4 [0x00000141883a13e0+0x00000000000001e4]
J 788 c1 java.lang.ClassLoader.loadClass(Ljava/lang/String;)Ljava/lang/Class; java.base@22.0.1 (7 bytes) @ 0x00000141883a0654 [0x00000141883a0540+0x0000000000000114]
v  ~StubRoutines::call_stub 0x000001418f7b100d
j  org.springframework.boot.web.servlet.context.ServletWebServerApplicationContextFactory.createContext()Lorg/springframework/context/ConfigurableApplicationContext;+6
j  org.springframework.boot.web.servlet.context.ServletWebServerApplicationContextFactory.create(Lorg/springframework/boot/WebApplicationType;)Lorg/springframework/context/ConfigurableApplicationContext;+12
j  org.springframework.boot.DefaultApplicationContextFactory$$Lambda+0x000001419f16c1f8.apply(Ljava/lang/Object;Ljava/lang/Object;)Ljava/lang/Object;+8
j  org.springframework.boot.DefaultApplicationContextFactory.getFromSpringFactories(Lorg/springframework/boot/WebApplicationType;Ljava/util/function/BiFunction;Ljava/util/function/Supplier;)Ljava/lang/Object;+45
j  org.springframework.boot.DefaultApplicationContextFactory.create(Lorg/springframework/boot/WebApplicationType;)Lorg/springframework/context/ConfigurableApplicationContext;+13
j  org.springframework.boot.SpringApplication.createApplicationContext()Lorg/springframework/context/ConfigurableApplicationContext;+8
j  org.springframework.boot.SpringApplication.run([Ljava/lang/String;)Lorg/springframework/context/ConfigurableApplicationContext;+76
j  org.springframework.boot.SpringApplication.run([Ljava/lang/Class;[Ljava/lang/String;)Lorg/springframework/context/ConfigurableApplicationContext;+9
j  org.springframework.boot.SpringApplication.run(Ljava/lang/Class;[Ljava/lang/String;)Lorg/springframework/context/ConfigurableApplicationContext;+9
j  com.example.producingwebservice.ProducingWebServiceApplication.main([Ljava/lang/String;)V+3
v  ~StubRoutines::call_stub 0x000001418f7b100d

Compiled method (n/a) 4232 1077     n 0       java.lang.ClassLoader::defineClass1 (native)
 total in heap  [0x000001418fdacb90,0x000001418fdad1d0] = 1600
 relocation     [0x000001418fdacce8,0x000001418fdacd20] = 56
 main code      [0x000001418fdacd20,0x000001418fdad1cf] = 1199
 stub code      [0x000001418fdad1cf,0x000001418fdad1d0] = 1

[Constant Pool (empty)]

[MachCode]
[Entry Point]
  # {method} {0x000001419e3fd870} 'defineClass1' '(Ljava/lang/ClassLoader;Ljava/lang/String;[BIILjava/security/ProtectionDomain;Ljava/lang/String;)Ljava/lang/Class;' in 'java/lang/ClassLoader'
  # parm0:    rdx:rdx   = 'java/lang/ClassLoader'
  # parm1:    r8:r8     = 'java/lang/String'
  # parm2:    r9:r9     = '[B'
  # parm3:    rdi       = int
  # parm4:    rsi       = int
  # parm5:    rcx:rcx   = 'java/security/ProtectionDomain'
  # parm6:    [sp+0xa0]   = 'java/lang/String'  (sp of caller)
  0x000001418fdacd20: 448b 5208 | 49bb 0000 | 009e 4101 | 0000 4d03 | d349 3bc2 | 0f84 0600 

  0x000001418fdacd38: ;   {runtime_call ic_miss_stub}
  0x000001418fdacd38: 0000 e941 | 1aa5 ff90 
[Verified Entry Point]
  0x000001418fdacd40: 8984 2400 | 80ff ff55 | 488b ec48 | 81ec 9000 | 0000 6690 | 4181 7f20 | 0100 0000 

  0x000001418fdacd5c: ;   {runtime_call StubRoutines (final stubs)}
  0x000001418fdacd5c: 7405 e87d | 7fa3 ff48 | 837d 1000 | 488d 4510 | 480f 4445 | 1048 8944 | 2440 4889 | 4c24 7048 
  0x000001418fdacd7c: 83f9 0048 | 8d44 2470 | 480f 4444 | 2470 4889 | 4424 3848 | 8974 2430 | 4889 7c24 | 284c 894c 
  0x000001418fdacd9c: 2458 4983 | f900 488d | 4424 5848 | 0f44 4424 | 5848 8944 | 2420 4c89 | 4424 5049 | 83f8 004c 
  0x000001418fdacdbc: 8d4c 2450 | 4c0f 444c | 2450 4889 | 5424 4848 | 83fa 004c | 8d44 2448 | 4c0f 4444 

  0x000001418fdacdd8: ;   {oop(a 'java/lang/Class'{0x000000071166f908} = 'java/lang/ClassLoader')}
  0x000001418fdacdd8: 2448 49be | 08f9 6611 | 0700 0000 | 4c89 7424 | 784c 8d74 | 2478 498b | d6c5 f877 

  0x000001418fdacdf4: ;   {internal_word}
  0x000001418fdacdf4: 49ba f1cd | da8f 4101 | 0000 4d89 | 97a8 0300 | 0049 89a7 | a003 0000 

  0x000001418fdace0c: ;   {external_word}
  0x000001418fdace0c: 49ba 9c30 | 931c fc7f | 0000 4180 | 3a00 0f84 | 4e00 0000 | 5241 5041 

  0x000001418fdace24: ;   {metadata({method} {0x000001419e3fd870} 'defineClass1' '(Ljava/lang/ClassLoader;Ljava/lang/String;[BIILjava/security/ProtectionDomain;Ljava/lang/String;)Ljava/lang/Class;' in 'java/lang/ClassLoader')}
  0x000001418fdace24: 5148 ba68 | d83f 9e41 | 0100 0049 | 8bcf 4883 | ec20 40f6 | c40f 0f84 | 1900 0000 | 4883 ec08 
  0x000001418fdace44: ;   {runtime_call}
  0x000001418fdace44: 48b8 40b5 | 431c fc7f | 0000 ffd0 | 4883 c408 | e90c 0000 

  0x000001418fdace58: ;   {runtime_call}
  0x000001418fdace58: 0048 b840 | b543 1cfc | 7f00 00ff | d048 83c4 | 2041 5941 | 585a 498d | 8fc0 0300 | 0041 c787 
  0x000001418fdace78: 5404 0000 | 0400 0000 

  0x000001418fdace80: ;   {runtime_call}
  0x000001418fdace80: 48b8 a416 | 9e17 fd7f | 0000 ffd0 | c5f8 7741 | c787 5404 | 0000 0500 | 0000 f083 | 4424 c000 
  0x000001418fdacea0: 493b af58 | 0400 000f | 870e 0000 | 0041 83bf | 5004 0000 | 000f 842b | 0000 00c5 | f877 4889 
  0x000001418fdacec0: 45f8 498b | cf4c 8be4 | 4883 ec20 | 4883 e4f0 

  0x000001418fdaced0: ;   {runtime_call}
  0x000001418fdaced0: 48b8 d01e | 0e1c fc7f | 0000 ffd0 | 498b e44d | 33e4 488b | 45f8 41c7 | 8754 0400 | 0008 0000 
  0x000001418fdacef0: 0041 83bf | d004 0000 | 020f 84a3 

  0x000001418fdacefc: ;   {external_word}
  0x000001418fdacefc: 0200 0049 | ba9c 3093 | 1cfc 7f00 | 0041 803a | 000f 844c | 0000 0048 

  0x000001418fdacf14: ;   {metadata({method} {0x000001419e3fd870} 'defineClass1' '(Ljava/lang/ClassLoader;Ljava/lang/String;[BIILjava/security/ProtectionDomain;Ljava/lang/String;)Ljava/lang/Class;' in 'java/lang/ClassLoader')}
  0x000001418fdacf14: 8945 f848 | ba68 d83f | 9e41 0100 | 0049 8bcf | 4883 ec20 | 40f6 c40f | 0f84 1900 | 0000 4883 
  0x000001418fdacf34: ;   {runtime_call}
  0x000001418fdacf34: ec08 48b8 | 40b5 431c | fc7f 0000 | ffd0 4883 | c408 e90c 

  0x000001418fdacf48: ;   {runtime_call}
  0x000001418fdacf48: 0000 0048 | b840 b543 | 1cfc 7f00 | 00ff d048 | 83c4 2048 | 8b45 f849 | c787 a003 | 0000 0000 
  0x000001418fdacf68: 0000 49c7 | 87a8 0300 | 0000 0000 | 00c5 f877 | 4885 c00f | 84fe 0100 | 00a8 030f | 8508 0000 
  0x000001418fdacf88: 0048 8b00 | e9ee 0100 | 00a8 010f | 8509 0000 | 0048 8b40 | fee9 dd01 | 0000 488b | 40ff 4180 
  0x000001418fdacfa8: 7f38 000f | 84ce 0100 | 0048 83f8 | 000f 84c4 | 0100 0049 | 8b4f 2848 | 83f9 000f | 8414 0000 
  0x000001418fdacfc8: 0048 83e9 | 0849 894f | 2849 034f | 3048 8901 | e9a2 0100 | 0048 81ec | d000 0000 | 4889 0424 
  0x000001418fdacfe8: 4889 4c24 | 0848 8954 | 2410 4889 | 7424 1848 | 897c 2420 | 4c89 4424 | 284c 894c | 2430 4c89 
  0x000001418fdad008: 5424 384c | 895c 2440 | c5fb 1144 | 2450 c5fb | 114c 2458 | c5fb 1154 | 2460 c5fb | 115c 2468 
  0x000001418fdad028: c5fb 1164 | 2470 c5fb | 116c 2478 | c5fb 11b4 | 2480 0000 | 00c5 fb11 | bc24 8800 | 0000 c57b 
  0x000001418fdad048: ;   {no_reloc}
  0x000001418fdad048: 1184 2490 | 0000 00c5 | 7b11 8c24 | 9800 0000 | c57b 1194 | 24a0 0000 | 00c5 7b11 | 9c24 a800 
  0x000001418fdad068: 0000 c57b | 11a4 24b0 | 0000 00c5 | 7b11 ac24 | b800 0000 | c57b 11b4 | 24c0 0000 | 00c5 7b11 
  0x000001418fdad088: bc24 c800 | 0000 498b | d748 8bc8 | 4883 ec20 | 40f6 c40f | 0f84 1900 | 0000 4883 

  0x000001418fdad0a4: ;   {runtime_call}
  0x000001418fdad0a4: ec08 48b8 | e03e 011c | fc7f 0000 | ffd0 4883 | c408 e90c 

  0x000001418fdad0b8: ;   {runtime_call}
  0x000001418fdad0b8: 0000 0048 | b8e0 3e01 | 1cfc 7f00 | 00ff d048 | 83c4 20c5 | 7b10 bc24 | c800 0000 | c57b 10b4 
  0x000001418fdad0d8: 24c0 0000 | 00c5 7b10 | ac24 b800 | 0000 c57b | 10a4 24b0 | 0000 00c5 | 7b10 9c24 | a800 0000 
  0x000001418fdad0f8: c57b 1094 | 24a0 0000 | 00c5 7b10 | 8c24 9800 | 0000 c57b | 1084 2490 | 0000 00c5 | fb10 bc24 
  0x000001418fdad118: 8800 0000 | c5fb 10b4 | 2480 0000 | 00c5 fb10 | 6c24 78c5 | fb10 6424 | 70c5 fb10 | 5c24 68c5 
  0x000001418fdad138: fb10 5424 | 60c5 fb10 | 4c24 58c5 | fb10 4424 | 504c 8b5c | 2440 4c8b | 5424 384c | 8b4c 2430 
  0x000001418fdad158: 4c8b 4424 | 2848 8b7c | 2420 488b | 7424 1848 | 8b54 2410 | 488b 4c24 | 0848 8b04 | 2448 81c4 
  0x000001418fdad178: d000 0000 | c5f8 7749 | 8b8f 3004 | 0000 c781 | 0001 0000 | 0000 0000 | c949 837f | 0800 0f85 
  0x000001418fdad198: 0100 0000 

  0x000001418fdad19c: ;   {runtime_call StubRoutines (initial stubs)}
  0x000001418fdad19c: c3e9 5e3d | a0ff c5f8 | 7748 8945 | f84c 8be4 | 4883 ec20 | 4883 e4f0 

  0x000001418fdad1b4: ;   {runtime_call}
  0x000001418fdad1b4: 48b8 90ed | 431c fc7f | 0000 ffd0 | 498b e44d | 33e4 488b | 45f8 e930 | fdff fff4 
[/MachCode]


Compiled method (c1) 4252 1268       3       java.lang.ClassLoader::defineClass (43 bytes)
 total in heap  [0x00000141884a0290,0x00000141884a0be8] = 2392
 relocation     [0x00000141884a03e8,0x00000141884a0488] = 160
 main code      [0x00000141884a04a0,0x00000141884a0940] = 1184
 stub code      [0x00000141884a0940,0x00000141884a09b8] = 120
 metadata       [0x00000141884a09b8,0x00000141884a09e8] = 48
 scopes data    [0x00000141884a09e8,0x00000141884a0ad8] = 240
 scopes pcs     [0x00000141884a0ad8,0x00000141884a0bb8] = 224
 dependencies   [0x00000141884a0bb8,0x00000141884a0bc0] = 8
 nul chk table  [0x00000141884a0bc0,0x00000141884a0be8] = 40

[Constant Pool (empty)]

[MachCode]
[Entry Point]
  # {method} {0x000001419e3fdbf0} 'defineClass' '(Ljava/lang/String;[BIILjava/security/ProtectionDomain;)Ljava/lang/Class;' in 'java/lang/ClassLoader'
  # this:     rdx:rdx   = 'java/lang/ClassLoader'
  # parm0:    r8:r8     = 'java/lang/String'
  # parm1:    r9:r9     = '[B'
  # parm2:    rdi       = int
  # parm3:    rsi       = int
  # parm4:    rcx:rcx   = 'java/security/ProtectionDomain'
  #           [sp+0xc0]  (sp of caller)
  0x00000141884a04a0: 448b 5208 | 49bb 0000 | 009e 4101 | 0000 4d03 | d34c 3bd0 

  0x00000141884a04b4: ;   {runtime_call ic_miss_stub}
  0x00000141884a04b4: 0f85 c6e2 | 3507 660f | 1f44 0000 
[Verified Entry Point]
  0x00000141884a04c0: 8984 2400 | 80ff ff55 | 4881 ecb0 | 0000 0090 | 4181 7f20 | 0100 0000 

  0x00000141884a04d8: ;   {runtime_call StubRoutines (final stubs)}
  0x00000141884a04d8: 7405 e801 | 4834 0748 | 8954 2478 

  0x00000141884a04e4: ;   {metadata(method data for {method} {0x000001419e3fdbf0} 'defineClass' '(Ljava/lang/String;[BIILjava/security/ProtectionDomain;)Ljava/lang/Class;' in 'java/lang/ClassLoader')}
  0x00000141884a04e4: 48bb 58a7 | 2edf 4101 | 0000 8b83 | cc00 0000 | 83c0 0289 | 83cc 0000 | 0025 fe07 | 0000 85c0 
  0x00000141884a0504: 0f84 5803 | 0000 89b4 | 2494 0000 | 0089 bc24 | 9000 0000 | 4c89 8c24 | 8800 0000 

  0x00000141884a0520: ;   {metadata(method data for {method} {0x000001419e3fdbf0} 'defineClass' '(Ljava/lang/String;[BIILjava/security/ProtectionDomain;)Ljava/lang/Class;' in 'java/lang/ClassLoader')}
  0x00000141884a0520: 488b da48 | b858 a72e | df41 0100 | 0048 8380 | 1801 0000 | 0149 8bd8 | 4c8b c34c | 8bc9 488b 
  0x00000141884a0540: ca48 8bd1 | 4889 9c24 | 8000 0000 

  0x00000141884a054c: ;   {optimized virtual_call}
  0x00000141884a054c: 6666 90e8 

  0x00000141884a0550: ; ImmutableOopMap {[120]=Oop [128]=Oop [136]=Oop }
                      ;*invokevirtual preDefineClass {reexecute=0 rethrow=0 return_oop=0}
                      ; - java.lang.ClassLoader::defineClass@4 (line 1021)
  0x00000141884a0550: 4c93 fcff 

  0x00000141884a0554: ;   {other}
  0x00000141884a0554: 0f1f 8400 | c402 0000 | 4889 8424 | 9800 0000 | 488b 5424 

  0x00000141884a0568: ;   {metadata(method data for {method} {0x000001419e3fdbf0} 'defineClass' '(Ljava/lang/String;[BIILjava/security/ProtectionDomain;)Ljava/lang/Class;' in 'java/lang/ClassLoader')}
  0x00000141884a0568: 7849 b858 | a72e df41 | 0100 0049 | 8380 4801 

  0x00000141884a0578: ;   {metadata(method data for {method} {0x000001419e3fd8d8} 'defineClassSourceLocation' '(Ljava/security/ProtectionDomain;)Ljava/lang/String;' in 'java/lang/ClassLoader')}
  0x00000141884a0578: 0000 0149 | b818 8f2e | df41 0100 | 0041 8b90 | cc00 0000 | 83c2 0241 | 8990 cc00 | 0000 81e2 
  0x00000141884a0598: feff 1f00 | 85d2 0f84 | df02 0000 

  0x00000141884a05a4: ; implicit exception: dispatches to 0x00000141884a08a4
  0x00000141884a05a4: 483b 004c 

  0x00000141884a05a8: ;   {metadata(method data for {method} {0x000001419e3fd8d8} 'defineClassSourceLocation' '(Ljava/security/ProtectionDomain;)Ljava/lang/String;' in 'java/lang/ClassLoader')}
  0x00000141884a05a8: 8bc0 48ba | 188f 2edf | 4101 0000 | 4883 8218 | 0100 0001 | 448b 4010 | 49c1 e003 

  0x00000141884a05c4: ;   {metadata(method data for {method} {0x000001419e3fd8d8} 'defineClassSourceLocation' '(Ljava/security/ProtectionDomain;)Ljava/lang/String;' in 'java/lang/ClassLoader')}
  0x00000141884a05c4: 4d85 c048 | ba18 8f2e | df41 0100 | 0048 c7c6 | 5801 0000 | 7507 48c7 | c648 0100 | 0048 8b3c 
  0x00000141884a05e4: 3248 8d7f | 0148 893c | 320f 850f 

  0x00000141884a05f0: ;   {oop(nullptr)}
  0x00000141884a05f0: 0000 0048 | bb00 0000 | 0000 0000 | 00e9 a501 | 0000 493b | 0049 8bd0 

  0x00000141884a0608: ;   {metadata(method data for {method} {0x000001419e3fd8d8} 'defineClassSourceLocation' '(Ljava/security/ProtectionDomain;)Ljava/lang/String;' in 'java/lang/ClassLoader')}
  0x00000141884a0608: 48be 188f | 2edf 4101 | 0000 4883 | 8668 0100 | 0001 418b | 500c 48c1 | e203 4885 

  0x00000141884a0624: ;   {metadata(method data for {method} {0x000001419e3fd8d8} 'defineClassSourceLocation' '(Ljava/security/ProtectionDomain;)Ljava/lang/String;' in 'java/lang/ClassLoader')}
  0x00000141884a0624: d248 be18 | 8f2e df41 | 0100 0048 | c7c7 a801 | 0000 7507 | 48c7 c798 | 0100 0048 | 8b1c 3e48 
  0x00000141884a0644: 8d5b 0148 | 891c 3e0f | 850f 0000 

  0x00000141884a0650: ;   {oop(nullptr)}
  0x00000141884a0650: 0048 bb00 | 0000 0000 | 0000 00e9 | 4701 0000 

  0x00000141884a0660: ;   {metadata(method data for {method} {0x000001419e3fd8d8} 'defineClassSourceLocation' '(Ljava/security/ProtectionDomain;)Ljava/lang/String;' in 'java/lang/ClassLoader')}
  0x00000141884a0660: 48be 188f | 2edf 4101 | 0000 4883 | 86b8 0100 | 0001 483b | 024c 8bc2 

  0x00000141884a0678: ;   {metadata(method data for {method} {0x000001419e3fd8d8} 'defineClassSourceLocation' '(Ljava/security/ProtectionDomain;)Ljava/lang/String;' in 'java/lang/ClassLoader')}
  0x00000141884a0678: 48be 188f | 2edf 4101 | 0000 4883 | 86e8 0100 

  0x00000141884a0688: ;   {metadata(method data for {method} {0x000001419e01a690} 'toString' '()Ljava/lang/String;' in 'java/net/URL')}
  0x00000141884a0688: 0001 49b8 | d078 20df | 4101 0000 | 418b b0cc | 0000 0083 | c602 4189 | b0cc 0000 | 0081 e6fe 
  0x00000141884a06a8: ff1f 0085 | f60f 8400 | 0200 004c 

  0x00000141884a06b4: ;   {metadata(method data for {method} {0x000001419e01a690} 'toString' '()Ljava/lang/String;' in 'java/net/URL')}
  0x00000141884a06b4: 8bc2 48be | d078 20df | 4101 0000 | 4883 8618 | 0100 0001 

  0x00000141884a06c8: ;   {metadata(method data for {method} {0x000001419e3f24d0} 'toExternalForm' '()Ljava/lang/String;' in 'java/net/URL')}
  0x00000141884a06c8: 49b8 587a | 20df 4101 | 0000 418b | b0cc 0000 | 0083 c602 | 4189 b0cc | 0000 0081 | e6fe ff1f 
  0x00000141884a06e8: 0085 f60f | 84e3 0100 | 008b 7238 | 48c1 e603 

  0x00000141884a06f8: ; implicit exception: dispatches to 0x00000141884a08f5
  0x00000141884a06f8: 483b 064c 

  0x00000141884a06fc: ;   {metadata(method data for {method} {0x000001419e3f24d0} 'toExternalForm' '()Ljava/lang/String;' in 'java/net/URL')}
  0x00000141884a06fc: 8bc6 48bf | 587a 20df | 4101 0000 | 458b 4008 | 49ba 0000 | 009e 4101 | 0000 4d03 | c24c 3b87 
  0x00000141884a071c: 2001 0000 | 750d 4883 | 8728 0100 | 0001 e960 | 0000 004c | 3b87 3001 | 0000 750d | 4883 8738 
  0x00000141884a073c: 0100 0001 | e94a 0000 | 0048 83bf | 2001 0000 | 0075 174c | 8987 2001 | 0000 48c7 | 8728 0100 
  0x00000141884a075c: 0001 0000 | 00e9 2900 | 0000 4883 | bf30 0100 | 0000 7517 | 4c89 8730 | 0100 0048 | c787 3801 
  0x00000141884a077c: 0000 0100 | 0000 e908 | 0000 0048 | 8387 1801 | 0000 014c | 8bc2 488b 

  0x00000141884a0794: ;   {optimized virtual_call}
  0x00000141884a0794: d666 90e8 

  0x00000141884a0798: ; ImmutableOopMap {[120]=Oop [128]=Oop [136]=Oop [152]=Oop }
                      ;*invokevirtual toExternalForm {reexecute=0 rethrow=0 return_oop=0}
                      ; - java.net.URL::toExternalForm@5 (line 1203)
                      ; - java.net.URL::toString@1 (line 1189)
                      ; - java.lang.ClassLoader::defineClassSourceLocation@22 (line 925)
                      ; - java.lang.ClassLoader::defineClass@12 (line 1022)
  0x00000141884a0798: e4e8 f7ff 

  0x00000141884a079c: ;   {other}
  0x00000141884a079c: 0f1f 8400 | 0c05 0001 | 488b d848 | 8b84 2498 | 0000 008b | b424 9400 | 0000 8bbc | 2490 0000 
  0x00000141884a07bc: 004c 8b8c | 2488 0000 | 004c 8b84 | 2480 0000 | 0048 8b54 

  0x00000141884a07d0: ;   {metadata(method data for {method} {0x000001419e3fdbf0} 'defineClass' '(Ljava/lang/String;[BIILjava/security/ProtectionDomain;)Ljava/lang/Class;' in 'java/lang/ClassLoader')}
  0x00000141884a07d0: 2478 48b9 | 58a7 2edf | 4101 0000 | 4883 8178 | 0100 0001 | 4c8b da49 | 8bd3 488b | c848 891c 
  0x00000141884a07f0: 2466 0f1f 

  0x00000141884a07f4: ;   {static_call}
  0x00000141884a07f4: 4400 00e8 

  0x00000141884a07f8: ; ImmutableOopMap {[120]=Oop [152]=Oop }
                      ;*invokestatic defineClass1 {reexecute=0 rethrow=0 return_oop=0}
                      ; - java.lang.ClassLoader::defineClass@27 (line 1023)
  0x00000141884a07f8: 44c5 9007 

  0x00000141884a07fc: ;   {other}
  0x00000141884a07fc: 0f1f 8400 | 6c05 0002 | 488b 5424 

  0x00000141884a0808: ;   {metadata(method data for {method} {0x000001419e3fdbf0} 'defineClass' '(Ljava/lang/String;[BIILjava/security/ProtectionDomain;)Ljava/lang/Class;' in 'java/lang/ClassLoader')}
  0x00000141884a0808: 7849 b858 | a72e df41 | 0100 0049 | 8380 8801 | 0000 014c | 8bc0 4c8b | 8c24 9800 | 0000 488b 
  0x00000141884a0828: 5424 7848 | 8984 24a0 | 0000 000f 

  0x00000141884a0834: ;   {optimized virtual_call}
  0x00000141884a0834: 1f40 00e8 

  0x00000141884a0838: ; ImmutableOopMap {[160]=Oop }
                      ;*invokevirtual postDefineClass {reexecute=0 rethrow=0 return_oop=0}
                      ; - java.lang.ClassLoader::defineClass@37 (line 1024)
  0x00000141884a0838: e4c7 fcff 

  0x00000141884a083c: ;   {other}
  0x00000141884a083c: 0f1f 8400 | ac05 0003 | 488b 8424 | a000 0000 | 4881 c4b0 | 0000 005d 

  0x00000141884a0854: ;   {poll_return}
  0x00000141884a0854: 493b a758 | 0400 000f | 8799 0000 

  0x00000141884a0860: ;   {metadata({method} {0x000001419e3fdbf0} 'defineClass' '(Ljava/lang/String;[BIILjava/security/ProtectionDomain;)Ljava/lang/Class;' in 'java/lang/ClassLoader')}
  0x00000141884a0860: 00c3 49ba | e8db 3f9e | 4101 0000 | 4c89 5424 | 0848 c704 | 24ff ffff 

  0x00000141884a0878: ;   {runtime_call counter_overflow Runtime1 stub}
  0x00000141884a0878: ffe8 026f 

  0x00000141884a087c: ; ImmutableOopMap {rdx=Oop r8=Oop r9=Oop rcx=Oop [120]=Oop }
                      ;*synchronization entry
                      ; - java.lang.ClassLoader::defineClass@-1 (line 1021)
  0x00000141884a087c: 4207 e987 

  0x00000141884a0880: ;   {metadata({method} {0x000001419e3fd8d8} 'defineClassSourceLocation' '(Ljava/security/ProtectionDomain;)Ljava/lang/String;' in 'java/lang/ClassLoader')}
  0x00000141884a0880: fcff ff49 | bad0 d83f | 9e41 0100 | 004c 8954 | 2408 48c7 | 0424 ffff 

  0x00000141884a0898: ;   {runtime_call counter_overflow Runtime1 stub}
  0x00000141884a0898: ffff e8e1 

  0x00000141884a089c: ; ImmutableOopMap {rax=Oop [120]=Oop [128]=Oop [136]=Oop [152]=Oop }
                      ;*synchronization entry
                      ; - java.lang.ClassLoader::defineClassSourceLocation@-1 (line 922)
                      ; - java.lang.ClassLoader::defineClass@12 (line 1022)
  0x00000141884a089c: 6e42 07e9 | 00fd ffff 

  0x00000141884a08a4: ;   {runtime_call throw_null_pointer_exception Runtime1 stub}
  0x00000141884a08a4: e857 0742 

  0x00000141884a08a8: ; ImmutableOopMap {rax=Oop [120]=Oop [128]=Oop [136]=Oop [152]=Oop }
                      ;*invokevirtual getCodeSource {reexecute=0 rethrow=0 return_oop=0}
                      ; - java.lang.ClassLoader::defineClassSourceLocation@1 (line 922)
                      ; - java.lang.ClassLoader::defineClass@12 (line 1022)
                      ;   {runtime_call throw_null_pointer_exception Runtime1 stub}
  0x00000141884a08a8: 07e8 5207 

  0x00000141884a08ac: ; ImmutableOopMap {rax=Oop r8=Oop [120]=Oop [128]=Oop [136]=Oop [152]=Oop }
                      ;*invokevirtual getLocation {reexecute=0 rethrow=0 return_oop=0}
                      ; - java.lang.ClassLoader::defineClassSourceLocation@12 (line 924)
                      ; - java.lang.ClassLoader::defineClass@12 (line 1022)
                      ;   {runtime_call throw_null_pointer_exception Runtime1 stub}
  0x00000141884a08ac: 4207 e84d 

  0x00000141884a08b0: ; ImmutableOopMap {rdx=Oop [120]=Oop [128]=Oop [136]=Oop [152]=Oop }
                      ;*invokevirtual toString {reexecute=0 rethrow=0 return_oop=0}
                      ; - java.lang.ClassLoader::defineClassSourceLocation@22 (line 925)
                      ; - java.lang.ClassLoader::defineClass@12 (line 1022)
                      ;   {metadata({method} {0x000001419e01a690} 'toString' '()Ljava/lang/String;' in 'java/net/URL')}
  0x00000141884a08b0: 0742 0749 | ba88 a601 | 9e41 0100 | 004c 8954 | 2408 48c7 | 0424 ffff 

  0x00000141884a08c8: ;   {runtime_call counter_overflow Runtime1 stub}
  0x00000141884a08c8: ffff e8b1 

  0x00000141884a08cc: ; ImmutableOopMap {rdx=Oop [120]=Oop [128]=Oop [136]=Oop [152]=Oop }
                      ;*synchronization entry
                      ; - java.net.URL::toString@-1 (line 1189)
                      ; - java.lang.ClassLoader::defineClassSourceLocation@22 (line 925)
                      ; - java.lang.ClassLoader::defineClass@12 (line 1022)
  0x00000141884a08cc: 6e42 07e9 | dffd ffff 

  0x00000141884a08d4: ;   {metadata({method} {0x000001419e3f24d0} 'toExternalForm' '()Ljava/lang/String;' in 'java/net/URL')}
  0x00000141884a08d4: 49ba c824 | 3f9e 4101 | 0000 4c89 | 5424 0848 | c704 24ff 

  0x00000141884a08e8: ;   {runtime_call counter_overflow Runtime1 stub}
  0x00000141884a08e8: ffff ffe8 

  0x00000141884a08ec: ; ImmutableOopMap {rdx=Oop [120]=Oop [128]=Oop [136]=Oop [152]=Oop }
                      ;*synchronization entry
                      ; - java.net.URL::toExternalForm@-1 (line 1203)
                      ; - java.net.URL::toString@1 (line 1189)
                      ; - java.lang.ClassLoader::defineClassSourceLocation@22 (line 925)
                      ; - java.lang.ClassLoader::defineClass@12 (line 1022)
  0x00000141884a08ec: 906e 4207 | e9fc fdff 

  0x00000141884a08f4: ;   {runtime_call throw_null_pointer_exception Runtime1 stub}
  0x00000141884a08f4: ffe8 0607 

  0x00000141884a08f8: ; ImmutableOopMap {rdx=Oop rsi=Oop [120]=Oop [128]=Oop [136]=Oop [152]=Oop }
                      ;*invokevirtual toExternalForm {reexecute=0 rethrow=0 return_oop=0}
                      ; - java.net.URL::toExternalForm@5 (line 1203)
                      ; - java.net.URL::toString@1 (line 1189)
                      ; - java.lang.ClassLoader::defineClassSourceLocation@22 (line 925)
                      ; - java.lang.ClassLoader::defineClass@12 (line 1022)
                      ;   {internal_word}
  0x00000141884a08f8: 4207 49ba | 5408 4a88 | 4101 0000 | 4d89 9770 

  0x00000141884a0908: ;   {runtime_call SafepointBlob}
  0x00000141884a0908: 0400 00e9 | f04d 3607 | 498b 8708 | 0500 0049 | c787 0805 | 0000 0000 | 0000 49c7 | 8710 0500 
  0x00000141884a0928: 0000 0000 | 0048 81c4 | b000 0000 

  0x00000141884a0934: ;   {runtime_call unwind_exception Runtime1 stub}
  0x00000141884a0934: 5de9 c6f7 | 4107 f4f4 | f4f4 f4f4 
[Stub Code]
  0x00000141884a0940: ;   {no_reloc}
  0x00000141884a0940: 0f1f 4400 

  0x00000141884a0944: ;   {static_stub}
  0x00000141884a0944: 0048 bb00 | 0000 0000 

  0x00000141884a094c: ;   {runtime_call}
  0x00000141884a094c: 0000 00e9 | fbff ffff 

  0x00000141884a0954: ;   {static_stub}
  0x00000141884a0954: 48bb 0000 | 0000 0000 

  0x00000141884a095c: ;   {runtime_call}
  0x00000141884a095c: 0000 e9fb 

  0x00000141884a0960: ;   {static_stub}
  0x00000141884a0960: ffff ff48 | bb00 0000 | 0000 0000 

  0x00000141884a096c: ;   {runtime_call}
  0x00000141884a096c: 00e9 fbff 

  0x00000141884a0970: ;   {static_stub}
  0x00000141884a0970: ffff 48bb | 0000 0000 | 0000 0000 

  0x00000141884a097c: ;   {runtime_call}
  0x00000141884a097c: e9fb ffff 

  0x00000141884a0980: ;   {runtime_call handle_exception_from_callee Runtime1 stub}
  0x00000141884a0980: ffe8 7a2d 

  0x00000141884a0984: ;   {external_word}
  0x00000141884a0984: 4207 48b9 | d018 6b1c | fc7f 0000 | 4883 e4f0 

  0x00000141884a0994: ;   {runtime_call}
  0x00000141884a0994: 48b8 c094 | 321c fc7f | 0000 ffd0 

  0x00000141884a09a0: ;   {section_word}
  0x00000141884a09a0: f449 baa1 | 094a 8841 | 0100 0041 

  0x00000141884a09ac: ;   {runtime_call DeoptimizationBlob}
  0x00000141884a09ac: 52e9 ee3f | 3607 f4f4 | f4f4 f4f4 
[/MachCode]


Compiled method (c1) 4279 1267       3       java.security.SecureClassLoader::defineClass (16 bytes)
 total in heap  [0x000001418849fe10,0x00000141884a0210] = 1024
 relocation     [0x000001418849ff68,0x000001418849ffb8] = 80
 main code      [0x000001418849ffc0,0x00000141884a0118] = 344
 stub code      [0x00000141884a0118,0x00000141884a0168] = 80
 metadata       [0x00000141884a0168,0x00000141884a0170] = 8
 scopes data    [0x00000141884a0170,0x00000141884a01b8] = 72
 scopes pcs     [0x00000141884a01b8,0x00000141884a0208] = 80
 dependencies   [0x00000141884a0208,0x00000141884a0210] = 8

[Constant Pool (empty)]

[MachCode]
[Entry Point]
  # {method} {0x000001419e0438c0} 'defineClass' '(Ljava/lang/String;[BIILjava/security/CodeSource;)Ljava/lang/Class;' in 'java/security/SecureClassLoader'
  # this:     rdx:rdx   = 'java/security/SecureClassLoader'
  # parm0:    r8:r8     = 'java/lang/String'
  # parm1:    r9:r9     = '[B'
  # parm2:    rdi       = int
  # parm3:    rsi       = int
  # parm4:    rcx:rcx   = 'java/security/CodeSource'
  #           [sp+0x80]  (sp of caller)
  0x000001418849ffc0: 448b 5208 | 49bb 0000 | 009e 4101 | 0000 4d03 | d34c 3bd0 

  0x000001418849ffd4: ;   {runtime_call ic_miss_stub}
  0x000001418849ffd4: 0f85 a6e7 | 3507 660f | 1f44 0000 
[Verified Entry Point]
  0x000001418849ffe0: 8984 2400 | 80ff ff55 | 4883 ec70 | 4181 7f20 | 0100 0000 

  0x000001418849fff4: ;   {runtime_call StubRoutines (final stubs)}
  0x000001418849fff4: 7405 e8e5 

  0x000001418849fff8: ;   {metadata(method data for {method} {0x000001419e0438c0} 'defineClass' '(Ljava/lang/String;[BIILjava/security/CodeSource;)Ljava/lang/Class;' in 'java/security/SecureClassLoader')}
  0x000001418849fff8: 4c34 0748 | bbd0 c224 | df41 0100 | 008b 83cc | 0000 0083 | c002 8983 | cc00 0000 | 25fe 0700 
  0x00000141884a0018: 0085 c00f | 8496 0000 | 0089 7424 | 5c89 7c24 | 584c 894c | 2450 4c89 | 4424 4848 

  0x00000141884a0034: ;   {metadata(method data for {method} {0x000001419e0438c0} 'defineClass' '(Ljava/lang/String;[BIILjava/security/CodeSource;)Ljava/lang/Class;' in 'java/security/SecureClassLoader')}
  0x00000141884a0034: 8bda 48b8 | d0c2 24df | 4101 0000 | 4883 8018 | 0100 0001 | 4c8b c148 | 8bc2 488b | d048 8944 
  0x00000141884a0054: ;   {optimized virtual_call}
  0x00000141884a0054: 2440 90e8 

  0x00000141884a0058: ; ImmutableOopMap {[64]=Oop [72]=Oop [80]=Oop }
                      ;*invokevirtual getProtectionDomain {reexecute=0 rethrow=0 return_oop=0}
                      ; - java.security.SecureClassLoader::defineClass@9 (line 150)
  0x00000141884a0058: 44c9 faff 

  0x00000141884a005c: ;   {other}
  0x00000141884a005c: 0f1f 8400 | 4c02 0000 | 488b 5424 

  0x00000141884a0068: ;   {metadata(method data for {method} {0x000001419e0438c0} 'defineClass' '(Ljava/lang/String;[BIILjava/security/CodeSource;)Ljava/lang/Class;' in 'java/security/SecureClassLoader')}
  0x00000141884a0068: 4049 b8d0 | c224 df41 | 0100 0049 | 8380 4801 | 0000 014c | 8b44 2448 | 4c8b 4c24 | 508b 7c24 
  0x00000141884a0088: 588b 7424 | 5c48 8bc8 | 488b 5424 

  0x00000141884a0094: ;   {optimized virtual_call}
  0x00000141884a0094: 4066 90e8 

  0x00000141884a0098: ; ImmutableOopMap {}
                      ;*invokevirtual defineClass {reexecute=0 rethrow=0 return_oop=0}
                      ; - java.security.SecureClassLoader::defineClass@12 (line 150)
  0x00000141884a0098: 2404 0000 

  0x00000141884a009c: ;   {other}
  0x00000141884a009c: 0f1f 8400 | 8c02 0001 | 4883 c470 

  0x00000141884a00a8: ;   {poll_return}
  0x00000141884a00a8: 5d49 3ba7 | 5804 0000 | 0f87 2200 

  0x00000141884a00b4: ;   {metadata({method} {0x000001419e0438c0} 'defineClass' '(Ljava/lang/String;[BIILjava/security/CodeSource;)Ljava/lang/Class;' in 'java/security/SecureClassLoader')}
  0x00000141884a00b4: 0000 c349 | bab8 3804 | 9e41 0100 | 004c 8954 | 2408 48c7 | 0424 ffff 

  0x00000141884a00cc: ;   {runtime_call counter_overflow Runtime1 stub}
  0x00000141884a00cc: ffff e8ad 

  0x00000141884a00d0: ; ImmutableOopMap {rdx=Oop r8=Oop r9=Oop rcx=Oop }
                      ;*synchronization entry
                      ; - java.security.SecureClassLoader::defineClass@-1 (line 150)
  0x00000141884a00d0: 7642 07e9 | 49ff ffff 

  0x00000141884a00d8: ;   {internal_word}
  0x00000141884a00d8: 49ba a900 | 4a88 4101 | 0000 4d89 | 9770 0400 

  0x00000141884a00e8: ;   {runtime_call SafepointBlob}
  0x00000141884a00e8: 00e9 1256 | 3607 498b | 8708 0500 | 0049 c787 | 0805 0000 | 0000 0000 | 49c7 8710 | 0500 0000 
  0x00000141884a0108: 0000 0048 | 83c4 705d 

  0x00000141884a0110: ;   {runtime_call unwind_exception Runtime1 stub}
  0x00000141884a0110: e9eb ff41 | 07f4 f4f4 
[Stub Code]
  0x00000141884a0118: ;   {no_reloc}
  0x00000141884a0118: 48bb 0000 | 0000 0000 

  0x00000141884a0120: ;   {runtime_call}
  0x00000141884a0120: 0000 e9fb 

  0x00000141884a0124: ;   {static_stub}
  0x00000141884a0124: ffff ff48 | bb00 0000 | 0000 0000 

  0x00000141884a0130: ;   {runtime_call}
  0x00000141884a0130: 00e9 fbff 

  0x00000141884a0134: ;   {runtime_call handle_exception_from_callee Runtime1 stub}
  0x00000141884a0134: ffff e8c5 

  0x00000141884a0138: ;   {external_word}
  0x00000141884a0138: 3542 0748 | b9d0 186b | 1cfc 7f00 | 0048 83e4 

  0x00000141884a0148: ;   {runtime_call}
  0x00000141884a0148: f048 b8c0 | 9432 1cfc | 7f00 00ff 

  0x00000141884a0154: ;   {section_word}
  0x00000141884a0154: d0f4 49ba | 5601 4a88 | 4101 0000 

  0x00000141884a0160: ;   {runtime_call DeoptimizationBlob}
  0x00000141884a0160: 4152 e939 | 4836 07f4 
[/MachCode]


---------------  P R O C E S S  ---------------

Threads class SMR info:
_java_thread_list=0x00000141e32a6c10, length=15, elements={
0x00000141faecaab0, 0x00000141feec5240, 0x00000141feec6310, 0x00000141feec8ec0,
0x00000141feecb930, 0x00000141feecc540, 0x00000141feecd150, 0x00000141feece4c0,
0x00000141feee42e0, 0x00000141fee8ed20, 0x000001419d6d1f40, 0x000001419d656fa0,
0x00000141e31f3bb0, 0x00000141e3384410, 0x00000141e3363f00
}

Java Threads: ( => current thread )
=>0x00000141faecaab0 JavaThread "main"                              [_thread_in_vm, id=28096, stack(0x0000001710600000,0x0000001710700000) (1024K)]
  0x00000141feec5240 JavaThread "Reference Handler"          daemon [_thread_blocked, id=40512, stack(0x0000001710e00000,0x0000001710f00000) (1024K)]
  0x00000141feec6310 JavaThread "Finalizer"                  daemon [_thread_blocked, id=15860, stack(0x0000001710f00000,0x0000001711000000) (1024K)]
  0x00000141feec8ec0 JavaThread "Signal Dispatcher"          daemon [_thread_blocked, id=22972, stack(0x0000001711000000,0x0000001711100000) (1024K)]
  0x00000141feecb930 JavaThread "Attach Listener"            daemon [_thread_blocked, id=9428, stack(0x0000001711100000,0x0000001711200000) (1024K)]
  0x00000141feecc540 JavaThread "Service Thread"             daemon [_thread_blocked, id=34492, stack(0x0000001711200000,0x0000001711300000) (1024K)]
  0x00000141feecd150 JavaThread "Monitor Deflation Thread"   daemon [_thread_blocked, id=24256, stack(0x0000001711300000,0x0000001711400000) (1024K)]
  0x00000141feece4c0 JavaThread "C2 CompilerThread0"         daemon [_thread_blocked, id=18700, stack(0x0000001711400000,0x0000001711500000) (1024K)]
  0x00000141feee42e0 JavaThread "C1 CompilerThread0"         daemon [_thread_blocked, id=31508, stack(0x0000001711500000,0x0000001711600000) (1024K)]
  0x00000141fee8ed20 JavaThread "Common-Cleaner"             daemon [_thread_blocked, id=39632, stack(0x0000001711600000,0x0000001711700000) (1024K)]
  0x000001419d6d1f40 JavaThread "Monitor Ctrl-Break"         daemon [_thread_in_native, id=12060, stack(0x0000001711700000,0x0000001711800000) (1024K)]
  0x000001419d656fa0 JavaThread "Notification Thread"        daemon [_thread_blocked, id=25300, stack(0x0000001711800000,0x0000001711900000) (1024K)]
  0x00000141e31f3bb0 JavaThread "C2 CompilerThread1"         daemon [_thread_blocked, id=30068, stack(0x0000001712000000,0x0000001712100000) (1024K)]
  0x00000141e3384410 JavaThread "background-preinit"                [_thread_in_vm, id=2740, stack(0x0000001712100000,0x0000001712200000) (1024K)]
  0x00000141e3363f00 JavaThread "C2 CompilerThread2"         daemon [_thread_blocked, id=18972, stack(0x0000001712200000,0x0000001712300000) (1024K)]
Total: 15

Other Threads:
  0x00000141feea5750 VMThread "VM Thread"                           [id=41512, stack(0x0000001710d00000,0x0000001710e00000) (1024K)]
  0x00000141fee8dd20 WatcherThread "VM Periodic Task Thread"        [id=32288, stack(0x0000001710c00000,0x0000001710d00000) (1024K)]
  0x00000141fd11e5e0 WorkerThread "GC Thread#0"                     [id=37284, stack(0x0000001710700000,0x0000001710800000) (1024K)]
  0x00000141feea4890 WorkerThread "GC Thread#1"                     [id=33628, stack(0x0000001711900000,0x0000001711a00000) (1024K)]
  0x00000141feea6260 WorkerThread "GC Thread#2"                     [id=35788, stack(0x0000001711a00000,0x0000001711b00000) (1024K)]
  0x00000141feea4c40 WorkerThread "GC Thread#3"                     [id=41636, stack(0x0000001711b00000,0x0000001711c00000) (1024K)]
  0x00000141feea4ff0 WorkerThread "GC Thread#4"                     [id=18464, stack(0x0000001711c00000,0x0000001711d00000) (1024K)]
  0x00000141feea5b00 WorkerThread "GC Thread#5"                     [id=3188, stack(0x0000001711d00000,0x0000001711e00000) (1024K)]
  0x00000141feea5eb0 WorkerThread "GC Thread#6"                     [id=28840, stack(0x0000001711e00000,0x0000001711f00000) (1024K)]
  0x00000141e31d8940 WorkerThread "GC Thread#7"                     [id=21160, stack(0x0000001711f00000,0x0000001712000000) (1024K)]
  0x00000141fd12f450 ConcurrentGCThread "G1 Main Marker"            [id=17536, stack(0x0000001710800000,0x0000001710900000) (1024K)]
  0x00000141fd130700 WorkerThread "G1 Conc#0"                       [id=26404, stack(0x0000001710900000,0x0000001710a00000) (1024K)]
  0x00000141fed5d950 ConcurrentGCThread "G1 Refine#0"               [id=40000, stack(0x0000001710a00000,0x0000001710b00000) (1024K)]
  0x00000141fed5e4d0 ConcurrentGCThread "G1 Service"                [id=33344, stack(0x0000001710b00000,0x0000001710c00000) (1024K)]
Total: 14

Threads with active compile tasks:
Total: 0

VM state: not at safepoint (normal execution)

VM Mutex/Monitor currently owned by a thread:  ([mutex/lock_event])
[0x00007ffc1c959b38] Metaspace_lock - owner thread: 0x00000141faecaab0

Heap address: 0x0000000703200000, size: 4046 MB, Compressed Oops mode: Zero based, Oop shift amount: 3

CDS archive(s) mapped at: [0x000001419e000000-0x000001419ec50000-0x000001419ec50000), size 12910592, SharedBaseAddress: 0x000001419e000000, ArchiveRelocationMode: 1.
Compressed class space mapped at: 0x000001419f000000-0x00000141df000000, reserved size: 1073741824
Narrow klass base: 0x000001419e000000, Narrow klass shift: 0, Narrow klass range: 0x41000000

GC Precious Log:
 CardTable entry size: 512
 Card Set container configuration: InlinePtr #cards 4 size 8 Array Of Cards #cards 16 size 48 Howl #buckets 8 coarsen threshold 3686 Howl Bitmap #cards 512 size 80 coarsen threshold 460 Card regions per heap region 1 cards per card region 4096
 CPUs: 8 total, 8 available
 Memory: 16180M
 Large Page Support: Disabled
 NUMA Support: Disabled
 Compressed Oops: Enabled (Zero based)
 Heap Region Size: 2M
 Heap Min Capacity: 8M
 Heap Initial Capacity: 254M
 Heap Max Capacity: 4046M
 Pre-touch: Disabled
 Parallel Workers: 8
 Concurrent Workers: 2
 Concurrent Refinement Workers: 8
 Periodic GC: Disabled

Heap:
 garbage-first heap   total reserved 4143104K, committed 260096K, used 15413K [0x0000000703200000, 0x0000000800000000)
  region size 2048K, 9 young (18432K), 2 survivors (4096K)
 Metaspace       used 11819K, committed 12032K, reserved 1114112K
  class space    used 1390K, committed 1472K, reserved 1048576K

Heap Regions: E=young(eden), S=young(survivor), O=old, HS=humongous(starts), HC=humongous(continues), CS=collection set, F=free, TAMS=top-at-mark-start, PB=parsable bottom
|   0|0x0000000703200000, 0x000000070330d498, 0x0000000703400000| 52%| O|  |TAMS 0x0000000703200000| PB 0x0000000703200000| Untracked |  0
|   1|0x0000000703400000, 0x0000000703400000, 0x0000000703600000|  0%| F|  |TAMS 0x0000000703400000| PB 0x0000000703400000| Untracked |  0
|   2|0x0000000703600000, 0x0000000703600000, 0x0000000703800000|  0%| F|  |TAMS 0x0000000703600000| PB 0x0000000703600000| Untracked |  0
|   3|0x0000000703800000, 0x0000000703800000, 0x0000000703a00000|  0%| F|  |TAMS 0x0000000703800000| PB 0x0000000703800000| Untracked |  0
|   4|0x0000000703a00000, 0x0000000703a00000, 0x0000000703c00000|  0%| F|  |TAMS 0x0000000703a00000| PB 0x0000000703a00000| Untracked |  0
|   5|0x0000000703c00000, 0x0000000703c00000, 0x0000000703e00000|  0%| F|  |TAMS 0x0000000703c00000| PB 0x0000000703c00000| Untracked |  0
|   6|0x0000000703e00000, 0x0000000703e00000, 0x0000000704000000|  0%| F|  |TAMS 0x0000000703e00000| PB 0x0000000703e00000| Untracked |  0
|   7|0x0000000704000000, 0x0000000704000000, 0x0000000704200000|  0%| F|  |TAMS 0x0000000704000000| PB 0x0000000704000000| Untracked |  0
|   8|0x0000000704200000, 0x0000000704200000, 0x0000000704400000|  0%| F|  |TAMS 0x0000000704200000| PB 0x0000000704200000| Untracked |  0
|   9|0x0000000704400000, 0x0000000704400000, 0x0000000704600000|  0%| F|  |TAMS 0x0000000704400000| PB 0x0000000704400000| Untracked |  0
|  10|0x0000000704600000, 0x0000000704600000, 0x0000000704800000|  0%| F|  |TAMS 0x0000000704600000| PB 0x0000000704600000| Untracked |  0
|  11|0x0000000704800000, 0x0000000704800000, 0x0000000704a00000|  0%| F|  |TAMS 0x0000000704800000| PB 0x0000000704800000| Untracked |  0
|  12|0x0000000704a00000, 0x0000000704a00000, 0x0000000704c00000|  0%| F|  |TAMS 0x0000000704a00000| PB 0x0000000704a00000| Untracked |  0
|  13|0x0000000704c00000, 0x0000000704c00000, 0x0000000704e00000|  0%| F|  |TAMS 0x0000000704c00000| PB 0x0000000704c00000| Untracked |  0
|  14|0x0000000704e00000, 0x0000000704e00000, 0x0000000705000000|  0%| F|  |TAMS 0x0000000704e00000| PB 0x0000000704e00000| Untracked |  0
|  15|0x0000000705000000, 0x0000000705000000, 0x0000000705200000|  0%| F|  |TAMS 0x0000000705000000| PB 0x0000000705000000| Untracked |  0
|  16|0x0000000705200000, 0x0000000705200000, 0x0000000705400000|  0%| F|  |TAMS 0x0000000705200000| PB 0x0000000705200000| Untracked |  0
|  17|0x0000000705400000, 0x0000000705400000, 0x0000000705600000|  0%| F|  |TAMS 0x0000000705400000| PB 0x0000000705400000| Untracked |  0
|  18|0x0000000705600000, 0x0000000705600000, 0x0000000705800000|  0%| F|  |TAMS 0x0000000705600000| PB 0x0000000705600000| Untracked |  0
|  19|0x0000000705800000, 0x0000000705800000, 0x0000000705a00000|  0%| F|  |TAMS 0x0000000705800000| PB 0x0000000705800000| Untracked |  0
|  20|0x0000000705a00000, 0x0000000705a00000, 0x0000000705c00000|  0%| F|  |TAMS 0x0000000705a00000| PB 0x0000000705a00000| Untracked |  0
|  21|0x0000000705c00000, 0x0000000705c00000, 0x0000000705e00000|  0%| F|  |TAMS 0x0000000705c00000| PB 0x0000000705c00000| Untracked |  0
|  22|0x0000000705e00000, 0x0000000705e00000, 0x0000000706000000|  0%| F|  |TAMS 0x0000000705e00000| PB 0x0000000705e00000| Untracked |  0
|  23|0x0000000706000000, 0x0000000706000000, 0x0000000706200000|  0%| F|  |TAMS 0x0000000706000000| PB 0x0000000706000000| Untracked |  0
|  24|0x0000000706200000, 0x0000000706200000, 0x0000000706400000|  0%| F|  |TAMS 0x0000000706200000| PB 0x0000000706200000| Untracked |  0
|  25|0x0000000706400000, 0x0000000706400000, 0x0000000706600000|  0%| F|  |TAMS 0x0000000706400000| PB 0x0000000706400000| Untracked |  0
|  26|0x0000000706600000, 0x0000000706600000, 0x0000000706800000|  0%| F|  |TAMS 0x0000000706600000| PB 0x0000000706600000| Untracked |  0
|  27|0x0000000706800000, 0x0000000706800000, 0x0000000706a00000|  0%| F|  |TAMS 0x0000000706800000| PB 0x0000000706800000| Untracked |  0
|  28|0x0000000706a00000, 0x0000000706a00000, 0x0000000706c00000|  0%| F|  |TAMS 0x0000000706a00000| PB 0x0000000706a00000| Untracked |  0
|  29|0x0000000706c00000, 0x0000000706c00000, 0x0000000706e00000|  0%| F|  |TAMS 0x0000000706c00000| PB 0x0000000706c00000| Untracked |  0
|  30|0x0000000706e00000, 0x0000000706e00000, 0x0000000707000000|  0%| F|  |TAMS 0x0000000706e00000| PB 0x0000000706e00000| Untracked |  0
|  31|0x0000000707000000, 0x0000000707000000, 0x0000000707200000|  0%| F|  |TAMS 0x0000000707000000| PB 0x0000000707000000| Untracked |  0
|  32|0x0000000707200000, 0x0000000707200000, 0x0000000707400000|  0%| F|  |TAMS 0x0000000707200000| PB 0x0000000707200000| Untracked |  0
|  33|0x0000000707400000, 0x0000000707400000, 0x0000000707600000|  0%| F|  |TAMS 0x0000000707400000| PB 0x0000000707400000| Untracked |  0
|  34|0x0000000707600000, 0x0000000707600000, 0x0000000707800000|  0%| F|  |TAMS 0x0000000707600000| PB 0x0000000707600000| Untracked |  0
|  35|0x0000000707800000, 0x0000000707800000, 0x0000000707a00000|  0%| F|  |TAMS 0x0000000707800000| PB 0x0000000707800000| Untracked |  0
|  36|0x0000000707a00000, 0x0000000707a00000, 0x0000000707c00000|  0%| F|  |TAMS 0x0000000707a00000| PB 0x0000000707a00000| Untracked |  0
|  37|0x0000000707c00000, 0x0000000707c00000, 0x0000000707e00000|  0%| F|  |TAMS 0x0000000707c00000| PB 0x0000000707c00000| Untracked |  0
|  38|0x0000000707e00000, 0x0000000707e00000, 0x0000000708000000|  0%| F|  |TAMS 0x0000000707e00000| PB 0x0000000707e00000| Untracked |  0
|  39|0x0000000708000000, 0x0000000708000000, 0x0000000708200000|  0%| F|  |TAMS 0x0000000708000000| PB 0x0000000708000000| Untracked |  0
|  40|0x0000000708200000, 0x0000000708200000, 0x0000000708400000|  0%| F|  |TAMS 0x0000000708200000| PB 0x0000000708200000| Untracked |  0
|  41|0x0000000708400000, 0x0000000708400000, 0x0000000708600000|  0%| F|  |TAMS 0x0000000708400000| PB 0x0000000708400000| Untracked |  0
|  42|0x0000000708600000, 0x0000000708600000, 0x0000000708800000|  0%| F|  |TAMS 0x0000000708600000| PB 0x0000000708600000| Untracked |  0
|  43|0x0000000708800000, 0x0000000708800000, 0x0000000708a00000|  0%| F|  |TAMS 0x0000000708800000| PB 0x0000000708800000| Untracked |  0
|  44|0x0000000708a00000, 0x0000000708a00000, 0x0000000708c00000|  0%| F|  |TAMS 0x0000000708a00000| PB 0x0000000708a00000| Untracked |  0
|  45|0x0000000708c00000, 0x0000000708c00000, 0x0000000708e00000|  0%| F|  |TAMS 0x0000000708c00000| PB 0x0000000708c00000| Untracked |  0
|  46|0x0000000708e00000, 0x0000000708e00000, 0x0000000709000000|  0%| F|  |TAMS 0x0000000708e00000| PB 0x0000000708e00000| Untracked |  0
|  47|0x0000000709000000, 0x0000000709000000, 0x0000000709200000|  0%| F|  |TAMS 0x0000000709000000| PB 0x0000000709000000| Untracked |  0
|  48|0x0000000709200000, 0x0000000709200000, 0x0000000709400000|  0%| F|  |TAMS 0x0000000709200000| PB 0x0000000709200000| Untracked |  0
|  49|0x0000000709400000, 0x0000000709400000, 0x0000000709600000|  0%| F|  |TAMS 0x0000000709400000| PB 0x0000000709400000| Untracked |  0
|  50|0x0000000709600000, 0x0000000709600000, 0x0000000709800000|  0%| F|  |TAMS 0x0000000709600000| PB 0x0000000709600000| Untracked |  0
|  51|0x0000000709800000, 0x0000000709800000, 0x0000000709a00000|  0%| F|  |TAMS 0x0000000709800000| PB 0x0000000709800000| Untracked |  0
|  52|0x0000000709a00000, 0x0000000709a00000, 0x0000000709c00000|  0%| F|  |TAMS 0x0000000709a00000| PB 0x0000000709a00000| Untracked |  0
|  53|0x0000000709c00000, 0x0000000709c00000, 0x0000000709e00000|  0%| F|  |TAMS 0x0000000709c00000| PB 0x0000000709c00000| Untracked |  0
|  54|0x0000000709e00000, 0x0000000709e00000, 0x000000070a000000|  0%| F|  |TAMS 0x0000000709e00000| PB 0x0000000709e00000| Untracked |  0
|  55|0x000000070a000000, 0x000000070a000000, 0x000000070a200000|  0%| F|  |TAMS 0x000000070a000000| PB 0x000000070a000000| Untracked |  0
|  56|0x000000070a200000, 0x000000070a200000, 0x000000070a400000|  0%| F|  |TAMS 0x000000070a200000| PB 0x000000070a200000| Untracked |  0
|  57|0x000000070a400000, 0x000000070a400000, 0x000000070a600000|  0%| F|  |TAMS 0x000000070a400000| PB 0x000000070a400000| Untracked |  0
|  58|0x000000070a600000, 0x000000070a600000, 0x000000070a800000|  0%| F|  |TAMS 0x000000070a600000| PB 0x000000070a600000| Untracked |  0
|  59|0x000000070a800000, 0x000000070a800000, 0x000000070aa00000|  0%| F|  |TAMS 0x000000070a800000| PB 0x000000070a800000| Untracked |  0
|  60|0x000000070aa00000, 0x000000070aa00000, 0x000000070ac00000|  0%| F|  |TAMS 0x000000070aa00000| PB 0x000000070aa00000| Untracked |  0
|  61|0x000000070ac00000, 0x000000070ac00000, 0x000000070ae00000|  0%| F|  |TAMS 0x000000070ac00000| PB 0x000000070ac00000| Untracked |  0
|  62|0x000000070ae00000, 0x000000070ae00000, 0x000000070b000000|  0%| F|  |TAMS 0x000000070ae00000| PB 0x000000070ae00000| Untracked |  0
|  63|0x000000070b000000, 0x000000070b000000, 0x000000070b200000|  0%| F|  |TAMS 0x000000070b000000| PB 0x000000070b000000| Untracked |  0
|  64|0x000000070b200000, 0x000000070b200000, 0x000000070b400000|  0%| F|  |TAMS 0x000000070b200000| PB 0x000000070b200000| Untracked |  0
|  65|0x000000070b400000, 0x000000070b400000, 0x000000070b600000|  0%| F|  |TAMS 0x000000070b400000| PB 0x000000070b400000| Untracked |  0
|  66|0x000000070b600000, 0x000000070b600000, 0x000000070b800000|  0%| F|  |TAMS 0x000000070b600000| PB 0x000000070b600000| Untracked |  0
|  67|0x000000070b800000, 0x000000070b800000, 0x000000070ba00000|  0%| F|  |TAMS 0x000000070b800000| PB 0x000000070b800000| Untracked |  0
|  68|0x000000070ba00000, 0x000000070ba00000, 0x000000070bc00000|  0%| F|  |TAMS 0x000000070ba00000| PB 0x000000070ba00000| Untracked |  0
|  69|0x000000070bc00000, 0x000000070bc00000, 0x000000070be00000|  0%| F|  |TAMS 0x000000070bc00000| PB 0x000000070bc00000| Untracked |  0
|  70|0x000000070be00000, 0x000000070be00000, 0x000000070c000000|  0%| F|  |TAMS 0x000000070be00000| PB 0x000000070be00000| Untracked |  0
|  71|0x000000070c000000, 0x000000070c000000, 0x000000070c200000|  0%| F|  |TAMS 0x000000070c000000| PB 0x000000070c000000| Untracked |  0
|  72|0x000000070c200000, 0x000000070c200000, 0x000000070c400000|  0%| F|  |TAMS 0x000000070c200000| PB 0x000000070c200000| Untracked |  0
|  73|0x000000070c400000, 0x000000070c400000, 0x000000070c600000|  0%| F|  |TAMS 0x000000070c400000| PB 0x000000070c400000| Untracked |  0
|  74|0x000000070c600000, 0x000000070c600000, 0x000000070c800000|  0%| F|  |TAMS 0x000000070c600000| PB 0x000000070c600000| Untracked |  0
|  75|0x000000070c800000, 0x000000070c800000, 0x000000070ca00000|  0%| F|  |TAMS 0x000000070c800000| PB 0x000000070c800000| Untracked |  0
|  76|0x000000070ca00000, 0x000000070ca00000, 0x000000070cc00000|  0%| F|  |TAMS 0x000000070ca00000| PB 0x000000070ca00000| Untracked |  0
|  77|0x000000070cc00000, 0x000000070cc00000, 0x000000070ce00000|  0%| F|  |TAMS 0x000000070cc00000| PB 0x000000070cc00000| Untracked |  0
|  78|0x000000070ce00000, 0x000000070ce00000, 0x000000070d000000|  0%| F|  |TAMS 0x000000070ce00000| PB 0x000000070ce00000| Untracked |  0
|  79|0x000000070d000000, 0x000000070d000000, 0x000000070d200000|  0%| F|  |TAMS 0x000000070d000000| PB 0x000000070d000000| Untracked |  0
|  80|0x000000070d200000, 0x000000070d200000, 0x000000070d400000|  0%| F|  |TAMS 0x000000070d200000| PB 0x000000070d200000| Untracked |  0
|  81|0x000000070d400000, 0x000000070d400000, 0x000000070d600000|  0%| F|  |TAMS 0x000000070d400000| PB 0x000000070d400000| Untracked |  0
|  82|0x000000070d600000, 0x000000070d600000, 0x000000070d800000|  0%| F|  |TAMS 0x000000070d600000| PB 0x000000070d600000| Untracked |  0
|  83|0x000000070d800000, 0x000000070d800000, 0x000000070da00000|  0%| F|  |TAMS 0x000000070d800000| PB 0x000000070d800000| Untracked |  0
|  84|0x000000070da00000, 0x000000070da00000, 0x000000070dc00000|  0%| F|  |TAMS 0x000000070da00000| PB 0x000000070da00000| Untracked |  0
|  85|0x000000070dc00000, 0x000000070dc00000, 0x000000070de00000|  0%| F|  |TAMS 0x000000070dc00000| PB 0x000000070dc00000| Untracked |  0
|  86|0x000000070de00000, 0x000000070de00000, 0x000000070e000000|  0%| F|  |TAMS 0x000000070de00000| PB 0x000000070de00000| Untracked |  0
|  87|0x000000070e000000, 0x000000070e000000, 0x000000070e200000|  0%| F|  |TAMS 0x000000070e000000| PB 0x000000070e000000| Untracked |  0
|  88|0x000000070e200000, 0x000000070e200000, 0x000000070e400000|  0%| F|  |TAMS 0x000000070e200000| PB 0x000000070e200000| Untracked |  0
|  89|0x000000070e400000, 0x000000070e400000, 0x000000070e600000|  0%| F|  |TAMS 0x000000070e400000| PB 0x000000070e400000| Untracked |  0
|  90|0x000000070e600000, 0x000000070e600000, 0x000000070e800000|  0%| F|  |TAMS 0x000000070e600000| PB 0x000000070e600000| Untracked |  0
|  91|0x000000070e800000, 0x000000070e800000, 0x000000070ea00000|  0%| F|  |TAMS 0x000000070e800000| PB 0x000000070e800000| Untracked |  0
|  92|0x000000070ea00000, 0x000000070ea00000, 0x000000070ec00000|  0%| F|  |TAMS 0x000000070ea00000| PB 0x000000070ea00000| Untracked |  0
|  93|0x000000070ec00000, 0x000000070ec00000, 0x000000070ee00000|  0%| F|  |TAMS 0x000000070ec00000| PB 0x000000070ec00000| Untracked |  0
|  94|0x000000070ee00000, 0x000000070ee00000, 0x000000070f000000|  0%| F|  |TAMS 0x000000070ee00000| PB 0x000000070ee00000| Untracked |  0
|  95|0x000000070f000000, 0x000000070f000000, 0x000000070f200000|  0%| F|  |TAMS 0x000000070f000000| PB 0x000000070f000000| Untracked |  0
|  96|0x000000070f200000, 0x000000070f200000, 0x000000070f400000|  0%| F|  |TAMS 0x000000070f200000| PB 0x000000070f200000| Untracked |  0
|  97|0x000000070f400000, 0x000000070f400000, 0x000000070f600000|  0%| F|  |TAMS 0x000000070f400000| PB 0x000000070f400000| Untracked |  0
|  98|0x000000070f600000, 0x000000070f600000, 0x000000070f800000|  0%| F|  |TAMS 0x000000070f600000| PB 0x000000070f600000| Untracked |  0
|  99|0x000000070f800000, 0x000000070f800000, 0x000000070fa00000|  0%| F|  |TAMS 0x000000070f800000| PB 0x000000070f800000| Untracked |  0
| 100|0x000000070fa00000, 0x000000070fa00000, 0x000000070fc00000|  0%| F|  |TAMS 0x000000070fa00000| PB 0x000000070fa00000| Untracked |  0
| 101|0x000000070fc00000, 0x000000070fc00000, 0x000000070fe00000|  0%| F|  |TAMS 0x000000070fc00000| PB 0x000000070fc00000| Untracked |  0
| 102|0x000000070fe00000, 0x000000070fe00000, 0x0000000710000000|  0%| F|  |TAMS 0x000000070fe00000| PB 0x000000070fe00000| Untracked |  0
| 103|0x0000000710000000, 0x0000000710000000, 0x0000000710200000|  0%| F|  |TAMS 0x0000000710000000| PB 0x0000000710000000| Untracked |  0
| 104|0x0000000710200000, 0x0000000710200000, 0x0000000710400000|  0%| F|  |TAMS 0x0000000710200000| PB 0x0000000710200000| Untracked |  0
| 105|0x0000000710400000, 0x0000000710400000, 0x0000000710600000|  0%| F|  |TAMS 0x0000000710400000| PB 0x0000000710400000| Untracked |  0
| 106|0x0000000710600000, 0x0000000710600000, 0x0000000710800000|  0%| F|  |TAMS 0x0000000710600000| PB 0x0000000710600000| Untracked |  0
| 107|0x0000000710800000, 0x0000000710800000, 0x0000000710a00000|  0%| F|  |TAMS 0x0000000710800000| PB 0x0000000710800000| Untracked |  0
| 108|0x0000000710a00000, 0x0000000710a00000, 0x0000000710c00000|  0%| F|  |TAMS 0x0000000710a00000| PB 0x0000000710a00000| Untracked |  0
| 109|0x0000000710c00000, 0x0000000710c00000, 0x0000000710e00000|  0%| F|  |TAMS 0x0000000710c00000| PB 0x0000000710c00000| Untracked |  0
| 110|0x0000000710e00000, 0x0000000710e00000, 0x0000000711000000|  0%| F|  |TAMS 0x0000000710e00000| PB 0x0000000710e00000| Untracked |  0
| 111|0x0000000711000000, 0x0000000711000000, 0x0000000711200000|  0%| F|  |TAMS 0x0000000711000000| PB 0x0000000711000000| Untracked |  0
| 112|0x0000000711200000, 0x0000000711200000, 0x0000000711400000|  0%| F|  |TAMS 0x0000000711200000| PB 0x0000000711200000| Untracked |  0
| 113|0x0000000711400000, 0x0000000711600000, 0x0000000711600000|100%| S|CS|TAMS 0x0000000711400000| PB 0x0000000711400000| Complete |  0
| 114|0x0000000711600000, 0x0000000711800000, 0x0000000711800000|100%| S|CS|TAMS 0x0000000711600000| PB 0x0000000711600000| Complete |  0
| 115|0x0000000711800000, 0x0000000711800000, 0x0000000711a00000|  0%| F|  |TAMS 0x0000000711800000| PB 0x0000000711800000| Untracked |  0
| 116|0x0000000711a00000, 0x0000000711a00000, 0x0000000711c00000|  0%| F|  |TAMS 0x0000000711a00000| PB 0x0000000711a00000| Untracked |  0
| 117|0x0000000711c00000, 0x0000000711c00000, 0x0000000711e00000|  0%| F|  |TAMS 0x0000000711c00000| PB 0x0000000711c00000| Untracked |  0
| 118|0x0000000711e00000, 0x0000000711e00000, 0x0000000712000000|  0%| F|  |TAMS 0x0000000711e00000| PB 0x0000000711e00000| Untracked |  0
| 119|0x0000000712000000, 0x0000000712000000, 0x0000000712200000|  0%| F|  |TAMS 0x0000000712000000| PB 0x0000000712000000| Untracked |  0
| 120|0x0000000712200000, 0x000000071238c8b8, 0x0000000712400000| 77%| E|  |TAMS 0x0000000712200000| PB 0x0000000712200000| Complete |  0
| 121|0x0000000712400000, 0x0000000712600000, 0x0000000712600000|100%| E|CS|TAMS 0x0000000712400000| PB 0x0000000712400000| Complete |  0
| 122|0x0000000712600000, 0x0000000712800000, 0x0000000712800000|100%| E|  |TAMS 0x0000000712600000| PB 0x0000000712600000| Complete |  0
| 123|0x0000000712800000, 0x0000000712a00000, 0x0000000712a00000|100%| E|CS|TAMS 0x0000000712800000| PB 0x0000000712800000| Complete |  0
| 124|0x0000000712a00000, 0x0000000712c00000, 0x0000000712c00000|100%| E|CS|TAMS 0x0000000712a00000| PB 0x0000000712a00000| Complete |  0
| 125|0x0000000712c00000, 0x0000000712e00000, 0x0000000712e00000|100%| E|CS|TAMS 0x0000000712c00000| PB 0x0000000712c00000| Complete |  0
| 126|0x0000000712e00000, 0x0000000713000000, 0x0000000713000000|100%| E|CS|TAMS 0x0000000712e00000| PB 0x0000000712e00000| Complete |  0

Card table byte_map: [0x00000141fdca0000,0x00000141fe490000] _byte_map_base: 0x00000141fa487000

Marking Bits: (CMBitMap*) 0x00000141fd11ecf0
 Bits: [0x0000014197280000, 0x000001419b1b8000)

Polling page: 0x00000141fb020000

Metaspace:

Usage:
  Non-class:     10.19 MB used.
      Class:      1.36 MB used.
       Both:     11.54 MB used.

Virtual space:
  Non-class space:       64.00 MB reserved,      10.31 MB ( 16%) committed,  1 nodes.
      Class space:        1.00 GB reserved,       1.44 MB ( <1%) committed,  1 nodes.
             Both:        1.06 GB reserved,      11.75 MB (  1%) committed. 

Chunk freelists:
   Non-Class:  5.61 MB
       Class:  14.58 MB
        Both:  20.18 MB

MaxMetaspaceSize: unlimited
CompressedClassSpaceSize: 1.00 GB
Initial GC threshold: 21.00 MB
Current GC threshold: 21.00 MB
CDS: on
 - commit_granule_bytes: 65536.
 - commit_granule_words: 8192.
 - virtual_space_node_default_size: 8388608.
 - enlarge_chunks_in_place: 1.
 - use_allocation_guard: 0.


Internal statistics:

num_allocs_failed_limit: 0.
num_arena_births: 244.
num_arena_deaths: 0.
num_vsnodes_births: 2.
num_vsnodes_deaths: 0.
num_space_committed: 188.
num_space_uncommitted: 0.
num_chunks_returned_to_freelist: 0.
num_chunks_taken_from_freelist: 606.
num_chunk_merges: 0.
num_chunk_splits: 365.
num_chunks_enlarged: 220.
num_inconsistent_stats: 0.

CodeHeap 'non-profiled nmethods': size=120000Kb used=679Kb max_used=679Kb free=119320Kb
 bounds [0x000001418fd50000, 0x000001418ffc0000, 0x0000014197280000]
CodeHeap 'profiled nmethods': size=120000Kb used=3234Kb max_used=3234Kb free=116765Kb
 bounds [0x0000014188280000, 0x00000141885b0000, 0x000001418f7b0000]
CodeHeap 'non-nmethods': size=5760Kb used=1415Kb max_used=1463Kb free=4344Kb
 bounds [0x000001418f7b0000, 0x000001418fa20000, 0x000001418fd50000]
 total_blobs=2318 nmethods=1814 adapters=408
 compilation: enabled
              stopped_count=0, restarted_count=0
 full_count=0

Compilation events (20 events):
Event: 4.058 Thread 0x00000141feee42e0 nmethod 1809 0x00000141885a6210 code [0x00000141885a63e0, 0x00000141885a6520]
Event: 4.058 Thread 0x00000141feee42e0 1810       3       jdk.internal.org.objectweb.asm.ClassVisitor::<init> (78 bytes)
Event: 4.059 Thread 0x00000141feee42e0 nmethod 1810 0x00000141885a6610 code [0x00000141885a6840, 0x00000141885a6fe0]
Event: 4.059 Thread 0x00000141feee42e0 1811       3       jdk.internal.org.objectweb.asm.SymbolTable::<init> (41 bytes)
Event: 4.060 Thread 0x00000141feee42e0 nmethod 1811 0x00000141885a7290 code [0x00000141885a7460, 0x00000141885a79e8]
Event: 4.060 Thread 0x00000141feee42e0 1812       3       jdk.internal.org.objectweb.asm.MethodWriter::visitFrameStart (55 bytes)
Event: 4.060 Thread 0x00000141feee42e0 nmethod 1812 0x00000141885a7b10 code [0x00000141885a7cc0, 0x00000141885a7fc8]
Event: 4.060 Thread 0x00000141feee42e0 1813       3       jdk.internal.org.objectweb.asm.MethodWriter::visitFrameEnd (53 bytes)
Event: 4.061 Thread 0x00000141e3363f00 nmethod 1802 0x000001418fdf3310 code [0x000001418fdf34c0, 0x000001418fdf37c8]
Event: 4.061 Thread 0x00000141feee42e0 nmethod 1813 0x00000141885a8110 code [0x00000141885a82e0, 0x00000141885a87d8]
Event: 4.061 Thread 0x00000141e3363f00 1803       4       java.nio.HeapCharBuffer::<init> (23 bytes)
Event: 4.064 Thread 0x00000141e31f3bb0 nmethod 1801 0x000001418fdf3b10 code [0x000001418fdf3ce0, 0x000001418fdf43e8]
Event: 4.064 Thread 0x00000141feee42e0 1814       1       java.lang.ClassLoader::getUnnamedModule (5 bytes)
Event: 4.064 Thread 0x00000141e31f3bb0 1780       4       java.io.BufferedReader::fill (170 bytes)
Event: 4.065 Thread 0x00000141feee42e0 nmethod 1814 0x000001418fdf4a10 code [0x000001418fdf4ba0, 0x000001418fdf4c70]
Event: 4.069 Thread 0x00000141e31f3bb0 nmethod 1780 0x000001418fdf4d10 code [0x000001418fdf4ec0, 0x000001418fdf50a8]
Event: 4.069 Thread 0x00000141e31f3bb0 1781       4       java.lang.AbstractStringBuilder::append (37 bytes)
Event: 4.069 Thread 0x00000141e3363f00 nmethod 1803 0x000001418fdf5290 code [0x000001418fdf5420, 0x000001418fdf5850]
Event: 4.070 Thread 0x00000141e3363f00 1795       4       java.lang.String::decodeASCII (46 bytes)
Event: 4.073 Thread 0x00000141e3363f00 nmethod 1795 0x000001418fdf5b10 code [0x000001418fdf5ca0, 0x000001418fdf5f90]

GC Heap History (2 events):
Event: 3.214 GC heap before
{Heap before GC invocations=0 (full 0):
 garbage-first heap   total reserved 4143104K, committed 260096K, used 24576K [0x0000000703200000, 0x0000000800000000)
  region size 2048K, 12 young (24576K), 0 survivors (0K)
 Metaspace       used 7014K, committed 7168K, reserved 1114112K
  class space    used 825K, committed 896K, reserved 1048576K
}
Event: 3.221 GC heap after
{Heap after GC invocations=1 (full 0):
 garbage-first heap   total reserved 4143104K, committed 260096K, used 5173K [0x0000000703200000, 0x0000000800000000)
  region size 2048K, 2 young (4096K), 2 survivors (4096K)
 Metaspace       used 7014K, committed 7168K, reserved 1114112K
  class space    used 825K, committed 896K, reserved 1048576K
}

Dll operation events (11 events):
Event: 0.018 Loaded shared library C:\Users\Lenovo\.jdks\openjdk-22.0.1\bin\java.dll
Event: 0.075 Loaded shared library C:\Users\Lenovo\.jdks\openjdk-22.0.1\bin\jsvml.dll
Event: 0.226 Loaded shared library C:\Users\Lenovo\.jdks\openjdk-22.0.1\bin\zip.dll
Event: 0.232 Loaded shared library C:\Users\Lenovo\.jdks\openjdk-22.0.1\bin\instrument.dll
Event: 0.242 Loaded shared library C:\Users\Lenovo\.jdks\openjdk-22.0.1\bin\net.dll
Event: 0.245 Loaded shared library C:\Users\Lenovo\.jdks\openjdk-22.0.1\bin\nio.dll
Event: 0.252 Loaded shared library C:\Users\Lenovo\.jdks\openjdk-22.0.1\bin\zip.dll
Event: 0.795 Loaded shared library C:\Program Files\JetBrains\IntelliJ IDEA Community Edition 2024.1.2\bin\breakgen64.dll
Event: 0.895 Loaded shared library C:\Users\Lenovo\.jdks\openjdk-22.0.1\bin\extnet.dll
Event: 1.159 Loaded shared library C:\Users\Lenovo\.jdks\openjdk-22.0.1\bin\jimage.dll
Event: 3.769 Loaded shared library C:\Users\Lenovo\.jdks\openjdk-22.0.1\bin\le.dll

Deoptimization events (20 events):
Event: 4.051 Thread 0x00000141faecaab0 Uncommon trap: trap_request=0xffffff45 fr.pc=0x000001418fdee068 relative=0x00000000000000c8
Event: 4.051 Thread 0x00000141faecaab0 Uncommon trap: reason=unstable_if action=reinterpret pc=0x000001418fdee068 method=java.nio.Buffer.limit(I)Ljava/nio/Buffer; @ 42 c2
Event: 4.051 Thread 0x00000141faecaab0 DEOPT PACKING pc=0x000001418fdee068 sp=0x00000017106fcec0
Event: 4.051 Thread 0x00000141faecaab0 DEOPT UNPACKING pc=0x000001418f8046a2 sp=0x00000017106fce00 mode 2
Event: 4.052 Thread 0x00000141faecaab0 Uncommon trap: trap_request=0xffffffde fr.pc=0x000001418fdf08b0 relative=0x00000000000001f0
Event: 4.052 Thread 0x00000141faecaab0 Uncommon trap: reason=class_check action=maybe_recompile pc=0x000001418fdf08b0 method=java.nio.Buffer.<init>(IIIILjava/lang/foreign/MemorySegment;)V @ 39 c2
Event: 4.052 Thread 0x00000141faecaab0 DEOPT PACKING pc=0x000001418fdf08b0 sp=0x00000017106fcb40
Event: 4.052 Thread 0x00000141faecaab0 DEOPT UNPACKING pc=0x000001418f8046a2 sp=0x00000017106fcb18 mode 2
Event: 4.053 Thread 0x00000141faecaab0 Uncommon trap: trap_request=0xffffff45 fr.pc=0x000001418fdea764 relative=0x00000000000000c4
Event: 4.053 Thread 0x00000141faecaab0 Uncommon trap: reason=unstable_if action=reinterpret pc=0x000001418fdea764 method=java.nio.Buffer.limit(I)Ljava/nio/Buffer; @ 42 c2
Event: 4.053 Thread 0x00000141faecaab0 DEOPT PACKING pc=0x000001418fdea764 sp=0x00000017106fcf50
Event: 4.053 Thread 0x00000141faecaab0 DEOPT UNPACKING pc=0x000001418f8046a2 sp=0x00000017106fcee8 mode 2
Event: 4.053 Thread 0x00000141faecaab0 Uncommon trap: trap_request=0xffffffde fr.pc=0x000001418fdf08b0 relative=0x00000000000001f0
Event: 4.053 Thread 0x00000141faecaab0 Uncommon trap: reason=class_check action=maybe_recompile pc=0x000001418fdf08b0 method=java.nio.Buffer.<init>(IIIILjava/lang/foreign/MemorySegment;)V @ 39 c2
Event: 4.053 Thread 0x00000141faecaab0 DEOPT PACKING pc=0x000001418fdf08b0 sp=0x00000017106fcc30
Event: 4.053 Thread 0x00000141faecaab0 DEOPT UNPACKING pc=0x000001418f8046a2 sp=0x00000017106fcc08 mode 2
Event: 4.054 Thread 0x00000141faecaab0 Uncommon trap: trap_request=0xffffffde fr.pc=0x000001418fdf08b0 relative=0x00000000000001f0
Event: 4.054 Thread 0x00000141faecaab0 Uncommon trap: reason=class_check action=maybe_recompile pc=0x000001418fdf08b0 method=java.nio.Buffer.<init>(IIIILjava/lang/foreign/MemorySegment;)V @ 39 c2
Event: 4.054 Thread 0x00000141faecaab0 DEOPT PACKING pc=0x000001418fdf08b0 sp=0x00000017106f9520
Event: 4.054 Thread 0x00000141faecaab0 DEOPT UNPACKING pc=0x000001418f8046a2 sp=0x00000017106f94f8 mode 2

Classes loaded (20 events):
Event: 3.972 Loading class java/io/BufferedReader$1
Event: 3.972 Loading class java/io/BufferedReader$1 done
Event: 3.983 Loading class java/util/regex/Pattern$BnM
Event: 3.983 Loading class java/util/regex/Pattern$BnM done
Event: 4.037 Loading class java/lang/foreign/MemorySegment
Event: 4.037 Loading class java/lang/foreign/MemorySegment done
Event: 4.048 Loading class java/util/regex/Pattern$Loop
Event: 4.048 Loading class java/util/regex/Pattern$Loop done
Event: 4.048 Loading class java/util/regex/Pattern$Prolog
Event: 4.048 Loading class java/util/regex/Pattern$Prolog done
Event: 4.056 Loading class java/io/ProxyingConsole
Event: 4.056 Loading class java/io/ProxyingConsole done
Event: 4.056 Loading class java/io/Console$1
Event: 4.056 Loading class jdk/internal/access/JavaIOAccess
Event: 4.056 Loading class jdk/internal/access/JavaIOAccess done
Event: 4.056 Loading class java/io/Console$1 done
Event: 4.073 Loading class java/beans/Transient
Event: 4.073 Loading class java/beans/Transient done
Event: 4.073 Loading class java/beans/ConstructorProperties
Event: 4.073 Loading class java/beans/ConstructorProperties done

Classes unloaded (0 events):
No events

Classes redefined (0 events):
No events

Internal exceptions (20 events):
Event: 3.333 Thread 0x00000141faecaab0 Exception <a 'java/lang/NoSuchMethodError'{0x0000000712c3f1a8}: 'java.lang.Object java.lang.invoke.Invokers$Holder.linkToTargetMethod(java.lang.Object, java.lang.Object, int, java.lang.Object, java.lang.Object)'> (0x0000000712c3f1a8) 
thrown [s\open\src\hotspot\share\interpreter\linkResolver.cpp, line 774]
Event: 3.336 Thread 0x00000141faecaab0 Exception <a 'java/lang/NoSuchMethodError'{0x0000000712c4cdb0}: 'java.lang.Object java.lang.invoke.DirectMethodHandle$Holder.newInvokeSpecial(java.lang.Object, int, java.lang.Object)'> (0x0000000712c4cdb0) 
thrown [s\open\src\hotspot\share\interpreter\linkResolver.cpp, line 774]
Event: 3.337 Thread 0x00000141faecaab0 Exception <a 'java/lang/NoSuchMethodError'{0x0000000712c519d8}: 'int java.lang.invoke.DirectMethodHandle$Holder.invokeSpecialIFC(java.lang.Object, java.lang.Object, java.lang.Object, java.lang.Object)'> (0x0000000712c519d8) 
thrown [s\open\src\hotspot\share\interpreter\linkResolver.cpp, line 774]
Event: 3.383 Thread 0x00000141faecaab0 Exception <a 'java/lang/NoSuchMethodError'{0x0000000712d44df0}: 'void java.lang.invoke.DirectMethodHandle$Holder.invokeInterface(java.lang.Object, java.lang.Object, java.lang.Object)'> (0x0000000712d44df0) 
thrown [s\open\src\hotspot\share\interpreter\linkResolver.cpp, line 774]
Event: 3.444 Thread 0x00000141faecaab0 Exception <a 'java/lang/NoSuchMethodError'{0x0000000712dcd068}: 'void java.lang.invoke.DirectMethodHandle$Holder.invokeStaticInit(java.lang.Object, java.lang.Object, java.lang.Object)'> (0x0000000712dcd068) 
thrown [s\open\src\hotspot\share\interpreter\linkResolver.cpp, line 774]
Event: 3.457 Thread 0x00000141faecaab0 Exception <a 'java/lang/NoSuchMethodError'{0x0000000712de5cf0}: 'java.lang.Object java.lang.invoke.DirectMethodHandle$Holder.invokeStatic(java.lang.Object, long, java.lang.Object)'> (0x0000000712de5cf0) 
thrown [s\open\src\hotspot\share\interpreter\linkResolver.cpp, line 774]
Event: 3.457 Thread 0x00000141faecaab0 Exception <a 'java/lang/NoSuchMethodError'{0x0000000712de9378}: 'java.lang.Object java.lang.invoke.DirectMethodHandle$Holder.invokeStaticInit(java.lang.Object, long, java.lang.Object)'> (0x0000000712de9378) 
thrown [s\open\src\hotspot\share\interpreter\linkResolver.cpp, line 774]
Event: 3.459 Thread 0x00000141faecaab0 Exception <a 'java/lang/NoSuchMethodError'{0x0000000712deec38}: 'java.lang.Object java.lang.invoke.DirectMethodHandle$Holder.newInvokeSpecial(java.lang.Object, long)'> (0x0000000712deec38) 
thrown [s\open\src\hotspot\share\interpreter\linkResolver.cpp, line 774]
Event: 3.502 Thread 0x00000141faecaab0 Exception <a 'java/lang/NoSuchMethodError'{0x0000000712a4ba70}: 'void java.lang.invoke.DirectMethodHandle$Holder.invokeVirtual(java.lang.Object, java.lang.Object, java.lang.Object, java.lang.Object)'> (0x0000000712a4ba70) 
thrown [s\open\src\hotspot\share\interpreter\linkResolver.cpp, line 774]
Event: 3.617 Thread 0x00000141faecaab0 Exception <a 'java/lang/NoSuchMethodError'{0x0000000712b87f08}: 'void java.lang.invoke.DirectMethodHandle$Holder.invokeSpecial(java.lang.Object, java.lang.Object, java.lang.Object)'> (0x0000000712b87f08) 
thrown [s\open\src\hotspot\share\interpreter\linkResolver.cpp, line 774]
Event: 3.645 Thread 0x00000141faecaab0 Exception <a 'java/lang/IncompatibleClassChangeError'{0x0000000712bb6060}: Found class java.lang.Object, but interface was expected> (0x0000000712bb6060) 
thrown [s\open\src\hotspot\share\interpreter\linkResolver.cpp, line 841]
Event: 3.646 Thread 0x00000141e3384410 Exception <a 'java/lang/NoClassDefFoundError'{0x0000000712bec108}: jakarta/validation/Validation> (0x0000000712bec108) 
thrown [s\open\src\hotspot\share\classfile\systemDictionary.cpp, line 302]
Event: 3.666 Thread 0x00000141faecaab0 Exception <a 'java/lang/NoSuchMethodError'{0x0000000712bcb5c0}: 'java.lang.Object java.lang.invoke.DirectMethodHandle$Holder.invokeStaticInit(java.lang.Object, int)'> (0x0000000712bcb5c0) 
thrown [s\open\src\hotspot\share\interpreter\linkResolver.cpp, line 774]
Event: 3.683 Thread 0x00000141faecaab0 Exception <a 'java/lang/NoSuchMethodError'{0x0000000712bd5ab8}: 'java.lang.Object java.lang.invoke.DirectMethodHandle$Holder.invokeStatic(java.lang.Object, int, java.lang.Object)'> (0x0000000712bd5ab8) 
thrown [s\open\src\hotspot\share\interpreter\linkResolver.cpp, line 774]
Event: 3.685 Thread 0x00000141faecaab0 Exception <a 'java/lang/NoSuchMethodError'{0x000000071285f7c0}: 'java.lang.Object java.lang.invoke.DirectMethodHandle$Holder.invokeStaticInit(java.lang.Object, int, java.lang.Object)'> (0x000000071285f7c0) 
thrown [s\open\src\hotspot\share\interpreter\linkResolver.cpp, line 774]
Event: 3.743 Thread 0x00000141faecaab0 Exception <a 'sun/nio/fs/WindowsException'{0x0000000712881878}> (0x0000000712881878) 
thrown [s\open\src\hotspot\share\prims\jni.cpp, line 520]
Event: 3.775 Thread 0x00000141faecaab0 Exception <a 'jdk/internal/org/jline/terminal/impl/jna/LastErrorException'{0x000000071288df38}> (0x000000071288df38) 
thrown [s\open\src\hotspot\share\prims\jni.cpp, line 520]
Event: 3.775 Thread 0x00000141faecaab0 Exception <a 'jdk/internal/org/jline/terminal/impl/jna/LastErrorException'{0x000000071288e5f8}> (0x000000071288e5f8) 
thrown [s\open\src\hotspot\share\prims\jni.cpp, line 520]
Event: 3.775 Thread 0x00000141faecaab0 Exception <a 'jdk/internal/org/jline/terminal/impl/jna/LastErrorException'{0x000000071288ec68}> (0x000000071288ec68) 
thrown [s\open\src\hotspot\share\prims\jni.cpp, line 520]
Event: 4.057 Thread 0x00000141faecaab0 Exception <a 'java/lang/NoSuchMethodError'{0x000000071223fdf8}: 'int java.lang.invoke.DirectMethodHandle$Holder.invokeVirtual(java.lang.Object, java.lang.Object)'> (0x000000071223fdf8) 
thrown [s\open\src\hotspot\share\interpreter\linkResolver.cpp, line 774]

ZGC Phase Switch (0 events):
No events

VM Operations (20 events):
Event: 2.469 Executing VM operation: HandshakeAllThreads (Deoptimize)
Event: 2.469 Executing VM operation: HandshakeAllThreads (Deoptimize) done
Event: 2.469 Executing VM operation: Cleanup
Event: 2.469 Executing VM operation: Cleanup done
Event: 2.469 Executing VM operation: HandshakeAllThreads (Deoptimize)
Event: 2.469 Executing VM operation: HandshakeAllThreads (Deoptimize) done
Event: 2.866 Executing VM operation: HandshakeAllThreads (Deoptimize)
Event: 2.866 Executing VM operation: HandshakeAllThreads (Deoptimize) done
Event: 3.213 Executing VM operation: G1CollectForAllocation (G1 Evacuation Pause)
Event: 3.221 Executing VM operation: G1CollectForAllocation (G1 Evacuation Pause) done
Event: 3.283 Executing VM operation: HandshakeAllThreads (Deoptimize)
Event: 3.283 Executing VM operation: HandshakeAllThreads (Deoptimize) done
Event: 3.598 Executing VM operation: HandshakeAllThreads (Deoptimize)
Event: 3.598 Executing VM operation: HandshakeAllThreads (Deoptimize) done
Event: 3.610 Executing VM operation: HandshakeAllThreads (Deoptimize)
Event: 3.610 Executing VM operation: HandshakeAllThreads (Deoptimize) done
Event: 3.610 Executing VM operation: HandshakeAllThreads (Deoptimize)
Event: 3.610 Executing VM operation: HandshakeAllThreads (Deoptimize) done
Event: 4.004 Executing VM operation: ICBufferFull
Event: 4.004 Executing VM operation: ICBufferFull done

Events (19 events):
Event: 0.045 Thread 0x00000141faecaab0 Thread added: 0x00000141faecaab0
Event: 0.070 Thread 0x00000141feec5240 Thread added: 0x00000141feec5240
Event: 0.070 Thread 0x00000141feec6310 Thread added: 0x00000141feec6310
Event: 0.071 Thread 0x00000141feec8ec0 Thread added: 0x00000141feec8ec0
Event: 0.071 Thread 0x00000141feecb930 Thread added: 0x00000141feecb930
Event: 0.071 Thread 0x00000141feecc540 Thread added: 0x00000141feecc540
Event: 0.071 Thread 0x00000141feecd150 Thread added: 0x00000141feecd150
Event: 0.072 Thread 0x00000141feece4c0 Thread added: 0x00000141feece4c0
Event: 0.072 Thread 0x00000141feee42e0 Thread added: 0x00000141feee42e0
Event: 0.187 Thread 0x00000141fee8ed20 Thread added: 0x00000141fee8ed20
Event: 0.796 Thread 0x000001419d6d1f40 Thread added: 0x000001419d6d1f40
Event: 0.796 Thread 0x000001419d656fa0 Thread added: 0x000001419d656fa0
Event: 1.620 Thread 0x000001419d81f3e0 Thread added: 0x000001419d81f3e0
Event: 1.804 Thread 0x000001419d81f3e0 Thread exited: 0x000001419d81f3e0
Event: 1.861 Thread 0x000001419d9e0530 Thread added: 0x000001419d9e0530
Event: 2.198 Thread 0x000001419d9e0530 Thread exited: 0x000001419d9e0530
Event: 3.378 Thread 0x00000141e31f3bb0 Thread added: 0x00000141e31f3bb0
Event: 3.632 Thread 0x00000141e3384410 Thread added: 0x00000141e3384410
Event: 4.041 Thread 0x00000141e3363f00 Thread added: 0x00000141e3363f00


Dynamic libraries:
0x00007ff6cdfe0000 - 0x00007ff6cdfee000 	C:\Users\Lenovo\.jdks\openjdk-22.0.1\bin\java.exe
0x00007ffd315f0000 - 0x00007ffd317e8000 	C:\WINDOWS\SYSTEM32\ntdll.dll
0x00007ffd30610000 - 0x00007ffd306cd000 	C:\WINDOWS\System32\KERNEL32.DLL
0x00007ffd2ee90000 - 0x00007ffd2f186000 	C:\WINDOWS\System32\KERNELBASE.dll
0x00007ffd2f230000 - 0x00007ffd2f330000 	C:\WINDOWS\System32\ucrtbase.dll
0x00007ffd24400000 - 0x00007ffd2441b000 	C:\Users\Lenovo\.jdks\openjdk-22.0.1\bin\VCRUNTIME140.dll
0x00007ffd17a30000 - 0x00007ffd17a47000 	C:\Users\Lenovo\.jdks\openjdk-22.0.1\bin\jli.dll
0x00007ffd2ff90000 - 0x00007ffd3012f000 	C:\WINDOWS\System32\USER32.dll
0x00007ffd2f200000 - 0x00007ffd2f222000 	C:\WINDOWS\System32\win32u.dll
0x00007ffd089f0000 - 0x00007ffd08c8a000 	C:\WINDOWS\WinSxS\amd64_microsoft.windows.common-controls_6595b64144ccf1df_6.0.19041.4355_none_60b8b9eb71f62e16\COMCTL32.dll
0x00007ffd31320000 - 0x00007ffd3134b000 	C:\WINDOWS\System32\GDI32.dll
0x00007ffd306d0000 - 0x00007ffd3076e000 	C:\WINDOWS\System32\msvcrt.dll
0x00007ffd2f470000 - 0x00007ffd2f587000 	C:\WINDOWS\System32\gdi32full.dll
0x00007ffd2f590000 - 0x00007ffd2f62d000 	C:\WINDOWS\System32\msvcp_win.dll
0x00007ffd30d20000 - 0x00007ffd30d4f000 	C:\WINDOWS\System32\IMM32.DLL
0x00007ffd251a0000 - 0x00007ffd251ac000 	C:\Users\Lenovo\.jdks\openjdk-22.0.1\bin\vcruntime140_1.dll
0x00007ffcfe4e0000 - 0x00007ffcfe56e000 	C:\Users\Lenovo\.jdks\openjdk-22.0.1\bin\msvcp140.dll
0x00007ffc1bcf0000 - 0x00007ffc1ca37000 	C:\Users\Lenovo\.jdks\openjdk-22.0.1\bin\server\jvm.dll
0x00007ffd30190000 - 0x00007ffd30240000 	C:\WINDOWS\System32\ADVAPI32.dll
0x00007ffd30e70000 - 0x00007ffd30f10000 	C:\WINDOWS\System32\sechost.dll
0x00007ffd302e0000 - 0x00007ffd30403000 	C:\WINDOWS\System32\RPCRT4.dll
0x00007ffd2ee60000 - 0x00007ffd2ee87000 	C:\WINDOWS\System32\bcrypt.dll
0x00007ffd305a0000 - 0x00007ffd3060b000 	C:\WINDOWS\System32\WS2_32.dll
0x00007ffd2e230000 - 0x00007ffd2e27b000 	C:\WINDOWS\SYSTEM32\POWRPROF.dll
0x00007ffd13470000 - 0x00007ffd13497000 	C:\WINDOWS\SYSTEM32\WINMM.dll
0x00007ffd26f20000 - 0x00007ffd26f2a000 	C:\WINDOWS\SYSTEM32\VERSION.dll
0x00007ffd2e0a0000 - 0x00007ffd2e0b2000 	C:\WINDOWS\SYSTEM32\UMPDC.dll
0x00007ffd2cad0000 - 0x00007ffd2cae2000 	C:\WINDOWS\SYSTEM32\kernel.appcore.dll
0x00007ffd24c30000 - 0x00007ffd24c3a000 	C:\Users\Lenovo\.jdks\openjdk-22.0.1\bin\jimage.dll
0x00007ffd2c320000 - 0x00007ffd2c504000 	C:\WINDOWS\SYSTEM32\DBGHELP.DLL
0x00007ffd257c0000 - 0x00007ffd257f4000 	C:\WINDOWS\SYSTEM32\dbgcore.DLL
0x00007ffd2f3e0000 - 0x00007ffd2f462000 	C:\WINDOWS\System32\bcryptPrimitives.dll
0x00007ffd24430000 - 0x00007ffd2443f000 	C:\Users\Lenovo\.jdks\openjdk-22.0.1\bin\instrument.dll
0x00007ffd179e0000 - 0x00007ffd179fe000 	C:\Users\Lenovo\.jdks\openjdk-22.0.1\bin\java.dll
0x00007ffd2f6a0000 - 0x00007ffd2fe0c000 	C:\WINDOWS\System32\SHELL32.dll
0x00007ffd30470000 - 0x00007ffd3059b000 	C:\WINDOWS\System32\ole32.dll
0x00007ffd30f10000 - 0x00007ffd31263000 	C:\WINDOWS\System32\combase.dll
0x00007ffd2ccf0000 - 0x00007ffd2d48d000 	C:\WINDOWS\SYSTEM32\windows.storage.dll
0x00007ffd2e6d0000 - 0x00007ffd2e6fe000 	C:\WINDOWS\SYSTEM32\Wldp.dll
0x00007ffd2fe10000 - 0x00007ffd2fedd000 	C:\WINDOWS\System32\OLEAUT32.dll
0x00007ffd2fee0000 - 0x00007ffd2ff8d000 	C:\WINDOWS\System32\SHCORE.dll
0x00007ffd30410000 - 0x00007ffd30465000 	C:\WINDOWS\System32\shlwapi.dll
0x00007ffd2ebe0000 - 0x00007ffd2ec04000 	C:\WINDOWS\SYSTEM32\profapi.dll
0x00007ffcafab0000 - 0x00007ffcafb87000 	C:\Users\Lenovo\.jdks\openjdk-22.0.1\bin\jsvml.dll
0x00007ffd02cf0000 - 0x00007ffd02d07000 	C:\Users\Lenovo\.jdks\openjdk-22.0.1\bin\zip.dll
0x00007ffd24910000 - 0x00007ffd24920000 	C:\Users\Lenovo\.jdks\openjdk-22.0.1\bin\net.dll
0x00007ffd2e430000 - 0x00007ffd2e49a000 	C:\WINDOWS\system32\mswsock.dll
0x00007ffd054c0000 - 0x00007ffd054d6000 	C:\Users\Lenovo\.jdks\openjdk-22.0.1\bin\nio.dll
0x00007ffd03df0000 - 0x00007ffd03e0a000 	C:\Program Files\JetBrains\IntelliJ IDEA Community Edition 2024.1.2\bin\breakgen64.dll
0x00007ffd248d0000 - 0x00007ffd248d9000 	C:\Users\Lenovo\.jdks\openjdk-22.0.1\bin\extnet.dll
0x00007ffd03a30000 - 0x00007ffd03a3b000 	C:\Users\Lenovo\.jdks\openjdk-22.0.1\bin\le.dll

dbghelp: loaded successfully - version: 4.0.5 - missing functions: none
symbol engine: initialized successfully - sym options: 0x614 - pdb path: .;C:\Users\Lenovo\.jdks\openjdk-22.0.1\bin;C:\WINDOWS\SYSTEM32;C:\WINDOWS\WinSxS\amd64_microsoft.windows.common-controls_6595b64144ccf1df_6.0.19041.4355_none_60b8b9eb71f62e16;C:\Users\Lenovo\.jdks\openjdk-22.0.1\bin\server;C:\Program Files\JetBrains\IntelliJ IDEA Community Edition 2024.1.2\bin

VM Arguments:
jvm_args: -javaagent:C:\Program Files\JetBrains\IntelliJ IDEA Community Edition 2024.1.2\lib\idea_rt.jar=65421:C:\Program Files\JetBrains\IntelliJ IDEA Community Edition 2024.1.2\bin -Dfile.encoding=UTF-8 -Dsun.stdout.encoding=UTF-8 -Dsun.stderr.encoding=UTF-8 
java_command: com.example.producingwebservice.ProducingWebServiceApplication
java_class_path (initial): C:\lcordova\cibertec\lp2\LP2Cibertec01\Examples\gs-producing-web-service-main\gs-producing-web-service-main\complete\target\classes;C:\Users\Lenovo\.m2\repository\org\springframework\boot\spring-boot-starter-web\3.3.0\spring-boot-starter-web-3.3.0.jar;C:\Users\Lenovo\.m2\repository\org\springframework\boot\spring-boot-starter\3.3.0\spring-boot-starter-3.3.0.jar;C:\Users\Lenovo\.m2\repository\org\springframework\boot\spring-boot\3.3.0\spring-boot-3.3.0.jar;C:\Users\Lenovo\.m2\repository\org\springframework\boot\spring-boot-autoconfigure\3.3.0\spring-boot-autoconfigure-3.3.0.jar;C:\Users\Lenovo\.m2\repository\org\springframework\boot\spring-boot-starter-logging\3.3.0\spring-boot-starter-logging-3.3.0.jar;C:\Users\Lenovo\.m2\repository\ch\qos\logback\logback-classic\1.5.6\logback-classic-1.5.6.jar;C:\Users\Lenovo\.m2\repository\ch\qos\logback\logback-core\1.5.6\logback-core-1.5.6.jar;C:\Users\Lenovo\.m2\repository\org\apache\logging\log4j\log4j-to-slf4j\2.23.1\log4j-to-slf4j-2.23.1.jar;C:\Users\Lenovo\.m2\repository\org\apache\logging\log4j\log4j-api\2.23.1\log4j-api-2.23.1.jar;C:\Users\Lenovo\.m2\repository\org\slf4j\jul-to-slf4j\2.0.13\jul-to-slf4j-2.0.13.jar;C:\Users\Lenovo\.m2\repository\jakarta\annotation\jakarta.annotation-api\2.1.1\jakarta.annotation-api-2.1.1.jar;C:\Users\Lenovo\.m2\repository\org\yaml\snakeyaml\2.2\snakeyaml-2.2.jar;C:\Users\Lenovo\.m2\repository\org\springframework\boot\spring-boot-starter-json\3.3.0\spring-boot-starter-json-3.3.0.jar;C:\Users\Lenovo\.m2\repository\com\fasterxml\jackson\core\jackson-databind\2.17.1\jackson-databind-2.17.1.jar;C:\Users\Lenovo\.m2\repository\com\fasterxml\jackson\core\jackson-annotations\2.17.1\jackson-annotations-2.17.1.jar;C:\Users\Lenovo\.m2\repository\com\fasterxml\jackson\core\jackson-core\2.17.1\jackson-core-2.17.1.jar;C:\Users\Lenovo\.m2\repository\com\fasterxml\jackson\datatype\jackson-datatype-jdk8\2.17.1\jackson-datatype-jdk8-2.17.1.jar;C:\Users\Lenovo\.m2\repository\com\fasterxml\jackson\datatype\jackson-datatype-jsr310\2.17.1\jackson-datatype-jsr310-2.17.1.jar;C:\Users\Lenovo\.m2\repository\com\fasterxml\jackson\module\jackson-module-parameter-names\2.17.1\jackson-module-parameter-names-2.17.1.jar;C:\Users\Lenovo\.m2\repository\org\springframework\boot\spring-boot-starter-tomcat\3.3.0\spring-boot-starter-tomcat-3.3.0.jar;C:\Users\Lenovo\.m2\repository\org\apache\tomcat\embed\tomcat-embed-core\10.1.24\tomcat-embed-core-10.1.24.jar;C:\Users\Lenovo\.m2\repository\org\apache\tomcat\embed\tomcat-embed-el\10.1.24\tomcat-embed-el-10.1.24.jar;C:\Users\Lenovo\.m2\repository\org\apache\tomcat\embed\tomcat-embed-websocket\10.1.24\tomcat-embed-websocket-10.1.24.jar;C:\Users\Lenovo\.m2\repository\org\springframework\spring-web\6.1.8\spring-web-6.1.8.jar;C:\Users\Lenovo\.m2\repository\org\springframework\spring-beans\6.1.8\spring-beans-6.1.8.jar;C:\Users\Lenovo\.m2\repository\io\micrometer\micrometer-observation\1.13.0\micrometer-observation-1.13.0.jar;C:\Users\Lenovo\.m2\repository\io\micrometer\micrometer-commons\1.13.0\micrometer-commons-1.13.0.jar;C:\Users\Lenovo\.m2\repository\org\springframework\spring-webmvc\6.1.8\spring-webmvc-6.1.8.jar;C:\Users\Lenovo\.m2\repository\org\springframework\spring-aop\6.1.8\spring-aop-6.1.8.jar;C:\Users\Lenovo\.m2\repository\org\springframework\spring-context\6.1.8\spring-context-6.1.8.jar;C:\Users\Lenovo\.m2\repository\org\springframework\spring-expression\6.1.8\spring-expression-6.1.8.jar;C:\Users\Lenovo\.m2\repository\org\springframework\boot\spring-boot-starter-web-services\3.3.0\spring-boot-starter-web-services-3.3.0.jar;C:\Users\Lenovo\.m2\repository\com\sun\xml\messaging\saaj\saaj-impl\3.0.4\saaj-impl-3.0.4.jar;C:\Users\Lenovo\.m2\repository\jakarta\xml\soap\jakarta.xml.soap-api\3.0.2\jakarta.xml.soap-api-3.0.2.jar;C:\Users\Lenovo\.m2\repository\org\jvnet\staxex\stax-ex\2.1.0\stax-ex-2.1.0.jar;C:\Users\Lenovo\.m2\repository\jakarta\activation\jakarta.activation-api\2.1.3\jakarta.activation-api-2.1.3.jar;C:\Users\Lenovo\.m2\repository\org\eclipse\angus\angus-activation\2.0.2\angus-activation-2.0.2.jar;C:\Users\Lenovo\.m2\repository\jakarta\xml\ws\jakarta.xml.ws-api\4.0.2\jakarta.xml.ws-api-4.0.2.jar;C:\Users\Lenovo\.m2\repository\org\springframework\spring-oxm\6.1.8\spring-oxm-6.1.8.jar;C:\Users\Lenovo\.m2\repository\org\springframework\ws\spring-ws-core\4.0.11\spring-ws-core-4.0.11.jar;C:\Users\Lenovo\.m2\repository\org\springframework\ws\spring-xml\4.0.11\spring-xml-4.0.11.jar;C:\Users\Lenovo\.m2\repository\org\glassfish\jaxb\jaxb-runtime\4.0.5\jaxb-runtime-4.0.5.jar;C:\Users\Lenovo\.m2\repository\org\glassfish\jaxb\jaxb-core\4.0.5\jaxb-core-4.0.5.jar;C:\Users\Lenovo\.m2\repository\org\glassfish\jaxb\txw2\4.0.5\txw2-4.0.5.jar;C:\Users\Lenovo\.m2\repository\com\sun\istack\istack-commons-runtime\4.1.2\istack-commons-runtime-4.1.2.jar;C:\Users\Lenovo\.m2\repository\wsdl4j\wsdl4j\1.6.3\wsdl4j-1.6.3.jar;C:\Users\Lenovo\.m2\repository\org\slf4j\slf4j-api\2.0.13\slf4j-api-2.0.13.jar;C:\Users\Lenovo\.m2\repository\jakarta\xml\bind\jakarta.xml.bind-api\4.0.2\jakarta.xml.bind-api-4.0.2.jar;C:\Users\Lenovo\.m2\repository\org\springframework\spring-core\6.1.8\spring-core-6.1.8.jar;C:\Users\Lenovo\.m2\repository\org\springframework\spring-jcl\6.1.8\spring-jcl-6.1.8.jar
Launcher Type: SUN_STANDARD

[Global flags]
     intx CICompilerCount                          = 4                                         {product} {ergonomic}
     uint ConcGCThreads                            = 2                                         {product} {ergonomic}
     uint G1ConcRefinementThreads                  = 8                                         {product} {ergonomic}
   size_t G1HeapRegionSize                         = 2097152                                   {product} {ergonomic}
   size_t InitialHeapSize                          = 266338304                                 {product} {ergonomic}
   size_t MarkStackSize                            = 4194304                                   {product} {ergonomic}
   size_t MaxHeapSize                              = 4242538496                                {product} {ergonomic}
   size_t MaxNewSize                               = 2543845376                                {product} {ergonomic}
   size_t MinHeapDeltaBytes                        = 2097152                                   {product} {ergonomic}
   size_t MinHeapSize                              = 8388608                                   {product} {ergonomic}
    uintx NonNMethodCodeHeapSize                   = 5839372                                {pd product} {ergonomic}
    uintx NonProfiledCodeHeapSize                  = 122909434                              {pd product} {ergonomic}
    uintx ProfiledCodeHeapSize                     = 122909434                              {pd product} {ergonomic}
    uintx ReservedCodeCacheSize                    = 251658240                              {pd product} {ergonomic}
     bool SegmentedCodeCache                       = true                                      {product} {ergonomic}
   size_t SoftMaxHeapSize                          = 4242538496                             {manageable} {ergonomic}
     bool UseCompressedOops                        = true                           {product lp64_product} {ergonomic}
     bool UseG1GC                                  = true                                      {product} {ergonomic}
     bool UseLargePagesIndividualAllocation        = false                                  {pd product} {ergonomic}

Logging:
Log output configuration:
 #0: stdout all=warning uptime,level,tags foldmultilines=false
 #1: stderr all=off uptime,level,tags foldmultilines=false

Environment Variables:
PATH=C:\Python312\Scripts\;C:\Python312\;C:\oraclexe\app\oracle\product\10.2.0\server\bin;C:\Program Files (x86)\Common Files\Oracle\Java\javapath;C:\Program Files\Common Files\Oracle\Java\javapath;C:\WINDOWS\system32;C:\WINDOWS;C:\WINDOWS\System32\Wbem;C:\WINDOWS\System32\WindowsPowerShell\v1.0\;C:\WINDOWS\System32\OpenSSH\;C:\Program Files\Git\cmd;C:\Program Files\7-Zip;C:\Program Files\Microsoft SQL Server\150\Tools\Binn\;C:\Program Files\Microsoft SQL Server\Client SDK\ODBC\170\Tools\Binn\;C:\Program Files\dotnet\;C:\Program Files (x86)\Microsoft SQL Server\150\Tools\Binn\;C:\Program Files\Microsoft SQL Server\150\DTS\Binn\;C:\Program Files (x86)\Microsoft SQL Server\150\DTS\Binn\;C:\Program Files\Azure Data Studio\bin;C:\Program Files\Amazon\AWSCLIV2\;C:\Program Files\Docker\Docker\resources\bin;C:\ProgramData\DockerDesktop\version-bin;C:\Program Files\Java\jdk-11.0.15\bin;C:\Program Files\gradle-7.4.2\bin;C:\Program Files (x86)\Google\Cloud SDK\google-cloud-sdk\bin;C:\kube;C:\Program Files\nodejs\;C:\ProgramData\chocolatey\bin;C:\Users\Lenovo\AppData\Local\Microsoft\WindowsApps;C:\Users\Lenovo\.dotnet\tools;C:\Program Files\Azure Data Studio\bin;C:\Users\Lenovo\AppData\Local\Programs\Microsoft VS Code\bin;C:\Program Files\heroku\bin;C:\Users\Lenovo\AppData\Local\Programs\mongosh\;C:\Users\Lenovo\AppData\Roaming\npm;C:\Program Files\JetBrains\IntelliJ IDEA Community Edition 2024.1.2\bin;
USERNAME=Lenovo
OS=Windows_NT
PROCESSOR_IDENTIFIER=Intel64 Family 6 Model 142 Stepping 12, GenuineIntel
TMP=C:\Users\Lenovo\AppData\Local\Temp
TEMP=C:\Users\Lenovo\AppData\Local\Temp




Periodic native trim disabled

---------------  S Y S T E M  ---------------

OS:
 Windows 10 , 64 bit Build 19041 (10.0.19041.3636)
OS uptime: 10 days 8:10 hours
Hyper-V role detected

CPU: total 8 (initial active 8) (4 cores per cpu, 2 threads per core) family 6 model 142 stepping 12 microcode 0xf0, cx8, cmov, fxsr, ht, mmx, 3dnowpref, sse, sse2, sse3, ssse3, sse4.1, sse4.2, popcnt, lzcnt, tsc, tscinvbit, avx, avx2, aes, erms, clmul, bmi1, bmi2, adx, fma, vzeroupper, clflush, clflushopt, hv, rdtscp, f16c
Processor Information for all 8 processors :
  Max Mhz: 2304, Current Mhz: 1803, Mhz Limit: 1797

Memory: 4k page, system-wide physical 16180M (1533M free)
TotalPageFile size 65332M (AvailPageFile size 367M)
current process WorkingSet (physical memory assigned to process): 97M, peak: 97M
current process commit charge ("private bytes"): 365M, peak: 366M

vm_info: OpenJDK 64-Bit Server VM (22.0.1+8-16) for windows-amd64 JRE (22.0.1+8-16), built on 2024-03-12T10:33:16Z by "mach5one" with MS VC++ 17.6 (VS2022)

END.
